2024-11-11 15:22:04,850 - 15:22:03.891; 0; 0; 4585687053200; 4585749354400; 4586119498200; 356193136; 4586693532300; 4586693988000; b'happy'
2024-11-11 15:22:05,939 - 15:22:05.085; 0; 1; 4585687053200; 4586944562800; 4587218536800; 408568575; 4587790122100; 4587793178400; b'happy'
2024-11-11 15:22:06,763 - 15:22:06.058; 0; 2; 4585687053200; 4587916711800; 4588057815700; 454759461; 4588619105600; 4588619293000; b'happy'
2024-11-11 15:22:07,479 - 15:22:06.896; 0; 3; 4585687053200; 4588754663500; 4588887883100; 328023379; 4589331374900; 4589331752400; b'happy'
2024-11-11 15:22:08,321 - 15:22:07.607; 0; 4; 4585687053200; 4589465660900; 4589613762700; 371555381; 4590173121300; 4590173483300; b'happy'
2024-11-11 15:22:09,001 - 15:22:08.473; 0; 5; 4585687053200; 4590331546700; 4590446000700; 299541374; 4590851638000; 4590852170700; b'neutral'
2024-11-11 15:22:09,703 - 15:22:09.143; 0; 6; 4585687053200; 4591002465800; 4591133708900; 282299458; 4591531342800; 4591546506100; b'happy'
2024-11-11 15:22:10,408 - 15:22:09.821; 0; 7; 4585687053200; 4591680196600; 4591816506000; 266045259; 4592179645700; 4592181301100; b'None'
2024-11-11 15:22:11,126 - 15:22:10.538; 0; 8; 4585687053200; 4592397022600; 4592564614800; 300732751; 4592952874300; 4592955434300; b'neutral'
2024-11-11 15:22:11,883 - 15:22:11.311; 0; 9; 4585687053200; 4593169734900; 4593324319200; 304376002; 4593693113500; 4593703554700; b'happy'
2024-11-11 15:22:12,564 - 15:22:12.039; 0; 10; 4585687053200; 4593897871800; 4594102453400; 281523525; 4594411642800; 4594412340800; b'happy'
2024-11-11 15:22:13,621 - 15:22:12.816; 0; 11; 4585687053200; 4594674686400; 4594902396200; 344974066; 4595471202500; 4595472402600; b'happy'
2024-11-11 15:22:14,487 - 15:22:13.848; 0; 12; 4585687053200; 4595707164400; 4595843858600; 296900854; 4596340814700; 4596341773300; b'happy'
2024-11-11 15:22:15,323 - 15:22:14.612; 0; 13; 4585687053200; 4596471518200; 4596648577500; 406679247; 4597173470600; 4597175546200; b'neutral'
2024-11-11 15:22:16,262 - 15:22:15.617; 0; 14; 4585687053200; 4597476456600; 4597610040700; 279092321; 4598093061700; 4598097096000; b'happy'
2024-11-11 15:22:17,011 - 15:22:16.419; 1; 0; 4585687053200; 4598277434900; 4598456183500; 352039688; 4598851463400; 4598852152200; b'happy'
2024-11-11 15:22:17,881 - 15:22:17.176; 1; 1; 4585687053200; 4599035165600; 4599177961100; 391913651; 4599733409100; 4599734650700; b'happy'
2024-11-11 15:22:18,717 - 15:22:18.060; 1; 2; 4585687053200; 4599918826800; 4600056472500; 426546532; 4600571292800; 4600571673100; b'happy'
2024-11-11 15:22:19,524 - 15:22:18.855; 1; 3; 4585687053200; 4600713859300; 4600912006500; 316292201; 4601373105200; 4601374174200; b'happy'
2024-11-11 15:22:20,300 - 15:22:19.698; 1; 4; 4585687053200; 4601556598600; 4601681953500; 328338281; 4602099372200; 4602111149400; b'happy'
2024-11-11 15:22:21,005 - 15:22:20.477; 1; 5; 4585687053200; 4602335967300; 4602504223700; 280133128; 4602853308800; 4602853758300; b'neutral'
2024-11-11 15:22:21,800 - 15:22:21.170; 1; 6; 4585687053200; 4603029550800; 4603294398400; 264695629; 4603653245500; 4603653815300; b'happy'
2024-11-11 15:22:22,415 - 15:22:21.957; 1; 7; 4585687053200; 4603815308700; 4603931366100; 246858790; 4604251967700; 4604253057400; b'None'
2024-11-11 15:22:23,195 - 15:22:22.596; 1; 8; 4585687053200; 4604454932600; 4604553446500; 326972946; 4605012333100; 4605044357300; b'neutral'
2024-11-11 15:22:23,849 - 15:22:23.343; 1; 9; 4585687053200; 4605201202800; 4605384086800; 300333485; 4605693439600; 4605694188600; b'happy'
2024-11-11 15:22:24,571 - 15:22:24.004; 1; 10; 4585687053200; 4605862776900; 4606014404700; 283476974; 4606373502200; 4606374196300; b'happy'
2024-11-11 15:22:25,529 - 15:22:24.800; 1; 11; 4585687053200; 4606658882200; 4606812252000; 348107143; 4607379967200; 4607381290900; b'happy'
2024-11-11 15:22:26,361 - 15:22:25.815; 1; 12; 4585687053200; 4607673411000; 4607783477400; 294972824; 4608192347600; 4608193775700; b'happy'
2024-11-11 15:22:27,323 - 15:22:26.607; 1; 13; 4585687053200; 4608466246800; 4608821051500; 259627977; 4609171455600; 4609172088200; b'neutral'
2024-11-11 15:22:28,163 - 15:22:27.572; 1; 14; 4585687053200; 4609431267800; 4609637227200; 280214377; 4610015132900; 4610016217300; b'happy'
2024-11-11 15:23:22,719 - 15:23:22.047; 0; 0; 4663866811900; 4663906559400; 4664140396900; 349963587; 4664564559300; 4664565137500; b'happy'
2024-11-11 15:23:23,668 - 15:23:22.941; 0; 1; 4663866811900; 4664799857900; 4664931882800; 388372798; 4665524275700; 4665524511500; b'happy'
2024-11-11 15:23:24,358 - 15:23:23.734; 0; 2; 4663866811900; 4665593359900; 4665701659600; 428673663; 4666204446600; 4666204997200; b'happy'
2024-11-11 15:23:25,146 - 15:23:24.578; 0; 3; 4663866811900; 4666437027900; 4666572429200; 318236411; 4666975822400; 4666985557800; b'happy'
2024-11-11 15:23:25,978 - 15:23:25.343; 0; 4; 4663866811900; 4667201913400; 4667386588700; 332687774; 4667826296100; 4667827056000; b'happy'
2024-11-11 15:23:29,484 - 15:23:26.330; 0; 5; 4671175995500; 4671175995500; 4671175995500; 4671175995500; 4671175995500; 4671175995500; Connection lost [WinError 10053] Eine bestehende Verbindung wurde softwaregesteuert
durch den Hostcomputer abgebrochen
2024-11-11 15:23:34,256 - 15:23:34.227; 0; 5; 4676099286600; 4676099286600; 4676099286600; 4676099286600; 4676099286600; 4676099286600; No connection possible: [WinError 10065] Der Host war bei einem Socketvorgang nicht erreichbar
2024-11-11 15:23:36,699 - 15:23:36.694; 0; 5; 4678553861400; 4678553861400; 4678553861400; 4678553861400; 4678553861400; 4678553861400; Connection lost [WinError 10057] Eine Anforderung zum Senden oder Empfangen von Daten wurde verhindert, da der Socket nicht verbunden ist und (beim Senden über einen Datagrammsocket mit einem sendto-Aufruf) keine Adresse angegeben wurde
2024-11-11 15:25:08,772 - 15:23:40.702; 0; 5; 4770618785600; 4770618785600; 4770618785600; 4770618785600; 4770618785600; 4770618785600; Connection lost [WinError 10054] Eine vorhandene Verbindung wurde vom Remotehost geschlossen
2024-11-11 15:25:13,850 - 15:25:13.835; 0; 5; 4775698792200; 4775698792200; 4775698792200; 4775698792200; 4775698792200; 4775698792200; No connection possible: [WinError 10061] Es konnte keine Verbindung hergestellt werden, da der Zielcomputer die Verbindung verweigerte
2024-11-11 15:25:16,162 - 15:25:16.133; 0; 5; 4777995520000; 4777995520000; 4777995520000; 4777995520000; 4777995520000; 4777995520000; Connection lost [WinError 10057] Eine Anforderung zum Senden oder Empfangen von Daten wurde verhindert, da der Socket nicht verbunden ist und (beim Senden über einen Datagrammsocket mit einem sendto-Aufruf) keine Adresse angegeben wurde
2024-11-11 15:27:16,752 - 15:27:16.003; 0; 0; 4897823032600; 4897862003800; 4898092893000; 433699047; 4898599386900; 4898599753200; b'happy'
2024-11-11 15:27:17,783 - 15:27:16.935; 0; 1; 4897823032600; 4898793440600; 4898994978600; 427495389; 4899631883300; 4899633118700; b'happy'
2024-11-11 15:27:18,548 - 15:27:17.924; 0; 2; 4897823032600; 4899783161400; 4899880452700; 446375917; 4900399467900; 4900399811200; b'happy'
2024-11-11 15:27:19,407 - 15:27:18.779; 0; 3; 4897823032600; 4900637944300; 4900740616500; 323316066; 4901261210200; 4901261628900; b'happy'
2024-11-11 15:27:20,089 - 15:27:19.549; 0; 4; 4897823032600; 4901407239300; 4901522699500; 340082675; 4901940397700; 4901940892100; b'happy'
2024-11-11 15:27:20,766 - 15:27:20.275; 0; 5; 4897823032600; 4902133880400; 4902244590000; 284865948; 4902618904800; 4902619335200; b'neutral'
2024-11-11 15:27:21,531 - 15:27:20.921; 0; 6; 4897823032600; 4902780978100; 4902884666900; 270052989; 4903381489300; 4903382159500; b'happy'
2024-11-11 15:27:21,859 - 15:27:21.673; 0; 7; 4903715922600; 4903715922600; 4903715922600; 4903715922600; 4903715922600; 4903715922600; Connection lost [WinError 10053] Eine bestehende Verbindung wurde softwaregesteuert
durch den Hostcomputer abgebrochen
2024-11-11 15:27:25,744 - 15:27:25.740; 0; 7; 4907600296800; 4907600296800; 4907600296800; 4907600296800; 4907600296800; 4907600296800; No connection possible: [WinError 10065] Der Host war bei einem Socketvorgang nicht erreichbar
2024-11-11 15:27:28,084 - 15:27:28.080; 0; 7; 4909939026000; 4909939026000; 4909939026000; 4909939026000; 4909939026000; 4909939026000; Connection lost [WinError 10057] Eine Anforderung zum Senden oder Empfangen von Daten wurde verhindert, da der Socket nicht verbunden ist und (beim Senden über einen Datagrammsocket mit einem sendto-Aufruf) keine Adresse angegeben wurde
2024-11-11 15:27:30,206 - 15:27:30.203; 0; 7; 4912062875200; 4912062875200; 4912062875200; 4912062875200; 4912062875200; 4912062875200; No connection possible: [WinError 10065] Der Host war bei einem Socketvorgang nicht erreichbar
2024-11-11 15:27:32,348 - 15:27:32.340; 0; 7; 4914200621300; 4914200621300; 4914200621300; 4914200621300; 4914200621300; 4914200621300; Connection lost [WinError 10057] Eine Anforderung zum Senden oder Empfangen von Daten wurde verhindert, da der Socket nicht verbunden ist und (beim Senden über einen Datagrammsocket mit einem sendto-Aufruf) keine Adresse angegeben wurde
2024-11-11 15:27:34,532 - 15:27:34.525; 0; 7; 4916386481100; 4916386481100; 4916386481100; 4916386481100; 4916386481100; 4916386481100; No connection possible: [WinError 10065] Der Host war bei einem Socketvorgang nicht erreichbar
2024-11-11 15:27:36,715 - 15:27:36.712; 0; 7; 4918572112600; 4918572112600; 4918572112600; 4918572112600; 4918572112600; 4918572112600; Connection lost [WinError 10057] Eine Anforderung zum Senden oder Empfangen von Daten wurde verhindert, da der Socket nicht verbunden ist und (beim Senden über einen Datagrammsocket mit einem sendto-Aufruf) keine Adresse angegeben wurde
2024-11-11 15:27:38,920 - 15:27:38.911; 0; 7; 4920773667400; 4920773667400; 4920773667400; 4920773667400; 4920773667400; 4920773667400; No connection possible: [WinError 10065] Der Host war bei einem Socketvorgang nicht erreichbar
2024-11-11 15:27:41,243 - 15:27:41.243; 0; 7; 4923103102400; 4923103102400; 4923103102400; 4923103102400; 4923103102400; 4923103102400; Connection lost [WinError 10057] Eine Anforderung zum Senden oder Empfangen von Daten wurde verhindert, da der Socket nicht verbunden ist und (beim Senden über einen Datagrammsocket mit einem sendto-Aufruf) keine Adresse angegeben wurde
2024-11-11 15:27:43,433 - 15:27:43.423; 0; 7; 4925284090500; 4925284090500; 4925284090500; 4925284090500; 4925284090500; 4925284090500; No connection possible: [WinError 10065] Der Host war bei einem Socketvorgang nicht erreichbar
2024-11-11 15:27:45,601 - 15:27:45.600; 0; 7; 4927461220200; 4927461220200; 4927461220200; 4927461220200; 4927461220200; 4927461220200; Connection lost [WinError 10057] Eine Anforderung zum Senden oder Empfangen von Daten wurde verhindert, da der Socket nicht verbunden ist und (beim Senden über einen Datagrammsocket mit einem sendto-Aufruf) keine Adresse angegeben wurde
2024-11-11 15:27:47,803 - 15:27:47.795; 0; 7; 4929655424700; 4929655424700; 4929655424700; 4929655424700; 4929655424700; 4929655424700; No connection possible: [WinError 10065] Der Host war bei einem Socketvorgang nicht erreichbar
2024-11-11 15:27:50,013 - 15:27:50.006; 0; 7; 4931866406000; 4931866406000; 4931866406000; 4931866406000; 4931866406000; 4931866406000; Connection lost [WinError 10057] Eine Anforderung zum Senden oder Empfangen von Daten wurde verhindert, da der Socket nicht verbunden ist und (beim Senden über einen Datagrammsocket mit einem sendto-Aufruf) keine Adresse angegeben wurde
2024-11-11 15:27:55,547 - 15:27:55.547; 0; 7; 4937406985200; 4937406985200; 4937406985200; 4937406985200; 4937406985200; 4937406985200; No connection possible: [WinError 10065] Der Host war bei einem Socketvorgang nicht erreichbar
2024-11-11 15:27:57,739 - 15:27:57.737; 0; 7; 4939596675600; 4939596675600; 4939596675600; 4939596675600; 4939596675600; 4939596675600; Connection lost [WinError 10057] Eine Anforderung zum Senden oder Empfangen von Daten wurde verhindert, da der Socket nicht verbunden ist und (beim Senden über einen Datagrammsocket mit einem sendto-Aufruf) keine Adresse angegeben wurde
2024-11-11 15:28:00,288 - 15:28:00.277; 0; 7; 4942137040900; 4942137040900; 4942137040900; 4942137040900; 4942137040900; 4942137040900; No connection possible: [WinError 10065] Der Host war bei einem Socketvorgang nicht erreichbar
2024-11-11 15:28:02,635 - 15:28:02.635; 0; 7; 4944495512900; 4944495512900; 4944495512900; 4944495512900; 4944495512900; 4944495512900; Connection lost [WinError 10057] Eine Anforderung zum Senden oder Empfangen von Daten wurde verhindert, da der Socket nicht verbunden ist und (beim Senden über einen Datagrammsocket mit einem sendto-Aufruf) keine Adresse angegeben wurde
2024-11-11 15:28:56,685 - 15:28:04.893; 0; 7; 4998484626800; 4998484626800; 4998484626800; 4998484626800; 4998484626800; 4998484626800; Connection lost [WinError 10054] Eine vorhandene Verbindung wurde vom Remotehost geschlossen
2024-11-11 15:29:01,716 - 15:29:01.699; 0; 7; 5003558779000; 5003558779000; 5003558779000; 5003558779000; 5003558779000; 5003558779000; No connection possible: [WinError 10061] Es konnte keine Verbindung hergestellt werden, da der Zielcomputer die Verbindung verweigerte
2024-11-11 15:29:03,941 - 15:29:03.887; 0; 7; 5005748746300; 5005748746300; 5005748746300; 5005748746300; 5005748746300; 5005748746300; Connection lost [WinError 10057] Eine Anforderung zum Senden oder Empfangen von Daten wurde verhindert, da der Socket nicht verbunden ist und (beim Senden über einen Datagrammsocket mit einem sendto-Aufruf) keine Adresse angegeben wurde
2024-11-11 15:29:06,951 - 15:29:06.204; 0; 7; 5007975077700; 5008063054700; 5008589440400; 311930745; 5008784062200; 5008785630700; b'None'
2024-11-11 15:29:07,877 - 15:29:07.118; 0; 8; 5007975077700; 5008976874700; 5009100159900; 359813222; 5009663669600; 5009664660200; b'neutral'
2024-11-11 15:29:08,771 - 15:29:08.058; 0; 9; 5007975077700; 5009916782300; 5010048510500; 336644966; 5010624345300; 5010625077200; b'happy'
2024-11-11 15:29:09,501 - 15:29:08.957; 0; 10; 5007975077700; 5010816670000; 5010942268300; 313947236; 5011342466900; 5011343699200; b'happy'
2024-11-11 15:29:10,437 - 15:29:09.695; 0; 11; 5007975077700; 5011553751900; 5011660158200; 377542261; 5012223412700; 5012223861800; b'happy'
2024-11-11 15:29:11,143 - 15:29:10.601; 0; 12; 5007975077700; 5012459567200; 5012603515700; 309326505; 5012983066700; 5012984709000; b'happy'
2024-11-11 15:29:11,969 - 15:29:11.330; 0; 13; 5007975077700; 5013189033700; 5013394407800; 272248210; 5013822139400; 5013822659300; b'neutral'
2024-11-11 15:29:12,788 - 15:29:12.161; 0; 14; 5007975077700; 5014020753100; 5014189850100; 290284071; 5014582351800; 5014583306200; b'happy'
2024-11-11 15:29:13,703 - 15:29:12.967; 1; 0; 5007975077700; 5014825655000; 5015023597300; 354267992; 5015557357600; 5015557729200; b'happy'
2024-11-11 15:29:14,621 - 15:29:13.979; 1; 1; 5007975077700; 5015837732800; 5015968524800; 415415822; 5016469958200; 5016470753200; b'happy'
2024-11-11 15:29:15,580 - 15:29:14.798; 1; 2; 5007975077700; 5016657074100; 5016780529300; 446490326; 5017422930000; 5017424058700; b'happy'
2024-11-11 15:29:16,426 - 15:29:15.759; 1; 3; 5007975077700; 5017617748300; 5017716180600; 317643863; 5018224520600; 5018225528600; b'happy'
2024-11-11 15:29:17,330 - 15:29:16.623; 1; 4; 5007975077700; 5018481796700; 5018662397700; 329617383; 5019183544400; 5019184052500; b'happy'
2024-11-11 15:29:18,141 - 15:29:17.535; 1; 5; 5007975077700; 5019393792700; 5019582620600; 284479505; 5019993265100; 5019994166700; b'neutral'
2024-11-11 15:29:18,810 - 15:29:18.267; 1; 6; 5007975077700; 5020125871900; 5020392296300; 266072921; 5020663554600; 5020664093100; b'happy'
2024-11-11 15:29:19,500 - 15:29:18.950; 1; 7; 5007975077700; 5020809046600; 5020979088600; 242511948; 5021302431400; 5021303073600; b'None'
2024-11-11 15:29:20,247 - 15:29:19.642; 1; 8; 5007975077700; 5021501455700; 5021628206900; 291315851; 5022103711300; 5022104393800; b'neutral'
2024-11-11 15:29:20,937 - 15:29:20.320; 1; 9; 5007975077700; 5022179049000; 5022294280600; 295710153; 5022790889800; 5022791663700; b'happy'
2024-11-11 15:29:21,693 - 15:29:21.085; 1; 10; 5007975077700; 5022944739300; 5023038414400; 286913738; 5023507122200; 5023508063000; b'happy'
2024-11-11 15:29:25,501 - 15:29:21.811; 1; 11; 5027327458400; 5027327458400; 5027327458400; 5027327458400; 5027327458400; 5027327458400; Connection lost [WinError 10053] Eine bestehende Verbindung wurde softwaregesteuert
durch den Hostcomputer abgebrochen
2024-11-11 15:29:29,038 - 15:29:29.036; 1; 11; 5030896139700; 5030896139700; 5030896139700; 5030896139700; 5030896139700; 5030896139700; No connection possible: [WinError 10065] Der Host war bei einem Socketvorgang nicht erreichbar
2024-11-11 15:29:31,445 - 15:29:31.410; 1; 11; 5033292443200; 5033292443200; 5033292443200; 5033292443200; 5033292443200; 5033292443200; Connection lost [WinError 10057] Eine Anforderung zum Senden oder Empfangen von Daten wurde verhindert, da der Socket nicht verbunden ist und (beim Senden über einen Datagrammsocket mit einem sendto-Aufruf) keine Adresse angegeben wurde
2024-11-11 15:30:19,035 - 15:29:34.367; 1; 11; 5080890086300; 5080890086300; 5080890086300; 5080890086300; 5080890086300; 5080890086300; Connection lost [WinError 10054] Eine vorhandene Verbindung wurde vom Remotehost geschlossen
2024-11-11 15:30:44,541 - 15:30:21.418; 1; 11; 5106372831400; 5106372831400; 5106372831400; 5106372831400; 5106372831400; 5106372831400; Connection lost [WinError 10054] Eine vorhandene Verbindung wurde vom Remotehost geschlossen
2024-11-11 15:30:48,778 - 15:30:48.758; 1; 11; 5110618065600; 5110618065600; 5110618065600; 5110618065600; 5110618065600; 5110618065600; No connection possible: [WinError 10061] Es konnte keine Verbindung hergestellt werden, da der Zielcomputer die Verbindung verweigerte
2024-11-11 15:30:50,974 - 15:30:50.965; 1; 11; 5112825553600; 5112825553600; 5112825553600; 5112825553600; 5112825553600; 5112825553600; Connection lost [WinError 10057] Eine Anforderung zum Senden oder Empfangen von Daten wurde verhindert, da der Socket nicht verbunden ist und (beim Senden über einen Datagrammsocket mit einem sendto-Aufruf) keine Adresse angegeben wurde
2024-11-11 15:30:55,299 - 15:30:55.234; 1; 11; 5117093410400; 5117093410400; 5117093410400; 5117093410400; 5117093410400; 5117093410400; No connection possible: [WinError 10061] Es konnte keine Verbindung hergestellt werden, da der Zielcomputer die Verbindung verweigerte
2024-11-11 15:30:57,486 - 15:30:57.482; 1; 11; 5119341064900; 5119341064900; 5119341064900; 5119341064900; 5119341064900; 5119341064900; Connection lost [WinError 10057] Eine Anforderung zum Senden oder Empfangen von Daten wurde verhindert, da der Socket nicht verbunden ist und (beim Senden über einen Datagrammsocket mit einem sendto-Aufruf) keine Adresse angegeben wurde
2024-11-11 15:31:01,694 - 15:31:01.691; 1; 11; 5123549770200; 5123549770200; 5123549770200; 5123549770200; 5123549770200; 5123549770200; No connection possible: [WinError 10061] Es konnte keine Verbindung hergestellt werden, da der Zielcomputer die Verbindung verweigerte
2024-11-11 15:31:03,832 - 15:31:03.822; 1; 11; 5125683403200; 5125683403200; 5125683403200; 5125683403200; 5125683403200; 5125683403200; Connection lost [WinError 10057] Eine Anforderung zum Senden oder Empfangen von Daten wurde verhindert, da der Socket nicht verbunden ist und (beim Senden über einen Datagrammsocket mit einem sendto-Aufruf) keine Adresse angegeben wurde
2024-11-11 15:31:08,071 - 15:31:08.059; 1; 11; 5129919538700; 5129919538700; 5129919538700; 5129919538700; 5129919538700; 5129919538700; No connection possible: [WinError 10061] Es konnte keine Verbindung hergestellt werden, da der Zielcomputer die Verbindung verweigerte
2024-11-11 15:31:10,298 - 15:31:10.252; 1; 11; 5132113973200; 5132113973200; 5132113973200; 5132113973200; 5132113973200; 5132113973200; Connection lost [WinError 10057] Eine Anforderung zum Senden oder Empfangen von Daten wurde verhindert, da der Socket nicht verbunden ist und (beim Senden über einen Datagrammsocket mit einem sendto-Aufruf) keine Adresse angegeben wurde
2024-11-11 15:31:14,549 - 15:31:14.533; 1; 11; 5136391785900; 5136391785900; 5136391785900; 5136391785900; 5136391785900; 5136391785900; No connection possible: [WinError 10061] Es konnte keine Verbindung hergestellt werden, da der Zielcomputer die Verbindung verweigerte
2024-11-11 15:31:16,718 - 15:31:16.713; 1; 11; 5138573285600; 5138573285600; 5138573285600; 5138573285600; 5138573285600; 5138573285600; Connection lost [WinError 10057] Eine Anforderung zum Senden oder Empfangen von Daten wurde verhindert, da der Socket nicht verbunden ist und (beim Senden über einen Datagrammsocket mit einem sendto-Aufruf) keine Adresse angegeben wurde
2024-11-11 15:31:20,953 - 15:31:20.929; 1; 11; 5142789020600; 5142789020600; 5142789020600; 5142789020600; 5142789020600; 5142789020600; No connection possible: [WinError 10061] Es konnte keine Verbindung hergestellt werden, da der Zielcomputer die Verbindung verweigerte
2024-11-11 15:31:23,129 - 15:31:23.112; 1; 11; 5144972135300; 5144972135300; 5144972135300; 5144972135300; 5144972135300; 5144972135300; Connection lost [WinError 10057] Eine Anforderung zum Senden oder Empfangen von Daten wurde verhindert, da der Socket nicht verbunden ist und (beim Senden über einen Datagrammsocket mit einem sendto-Aufruf) keine Adresse angegeben wurde
2024-11-11 15:31:27,543 - 15:31:27.483; 1; 11; 5149343572100; 5149343572100; 5149343572100; 5149343572100; 5149343572100; 5149343572100; No connection possible: [WinError 10061] Es konnte keine Verbindung hergestellt werden, da der Zielcomputer die Verbindung verweigerte
2024-11-11 15:31:29,751 - 15:31:29.736; 1; 11; 5151597562400; 5151597562400; 5151597562400; 5151597562400; 5151597562400; 5151597562400; Connection lost [WinError 10057] Eine Anforderung zum Senden oder Empfangen von Daten wurde verhindert, da der Socket nicht verbunden ist und (beim Senden über einen Datagrammsocket mit einem sendto-Aufruf) keine Adresse angegeben wurde
2024-11-11 15:31:34,022 - 15:31:33.981; 1; 11; 5155841307500; 5155841307500; 5155841307500; 5155841307500; 5155841307500; 5155841307500; No connection possible: [WinError 10061] Es konnte keine Verbindung hergestellt werden, da der Zielcomputer die Verbindung verweigerte
2024-11-11 15:31:36,252 - 15:31:36.199; 1; 11; 5158060059900; 5158060059900; 5158060059900; 5158060059900; 5158060059900; 5158060059900; Connection lost [WinError 10057] Eine Anforderung zum Senden oder Empfangen von Daten wurde verhindert, da der Socket nicht verbunden ist und (beim Senden über einen Datagrammsocket mit einem sendto-Aufruf) keine Adresse angegeben wurde
2024-11-11 15:31:40,503 - 15:31:40.457; 1; 11; 5162317433500; 5162317433500; 5162317433500; 5162317433500; 5162317433500; 5162317433500; No connection possible: [WinError 10061] Es konnte keine Verbindung hergestellt werden, da der Zielcomputer die Verbindung verweigerte
2024-11-11 15:31:42,702 - 15:31:42.682; 1; 11; 5164543023400; 5164543023400; 5164543023400; 5164543023400; 5164543023400; 5164543023400; Connection lost [WinError 10057] Eine Anforderung zum Senden oder Empfangen von Daten wurde verhindert, da der Socket nicht verbunden ist und (beim Senden über einen Datagrammsocket mit einem sendto-Aufruf) keine Adresse angegeben wurde
2024-11-11 15:31:46,956 - 15:31:46.936; 1; 11; 5168796814100; 5168796814100; 5168796814100; 5168796814100; 5168796814100; 5168796814100; No connection possible: [WinError 10061] Es konnte keine Verbindung hergestellt werden, da der Zielcomputer die Verbindung verweigerte
2024-11-11 15:31:49,204 - 15:31:49.149; 1; 11; 5171010389500; 5171010389500; 5171010389500; 5171010389500; 5171010389500; 5171010389500; Connection lost [WinError 10057] Eine Anforderung zum Senden oder Empfangen von Daten wurde verhindert, da der Socket nicht verbunden ist und (beim Senden über einen Datagrammsocket mit einem sendto-Aufruf) keine Adresse angegeben wurde
2024-11-11 15:31:53,470 - 15:31:53.410; 1; 11; 5175270817800; 5175270817800; 5175270817800; 5175270817800; 5175270817800; 5175270817800; No connection possible: [WinError 10061] Es konnte keine Verbindung hergestellt werden, da der Zielcomputer die Verbindung verweigerte
2024-11-11 15:31:55,688 - 15:31:55.630; 1; 11; 5177491661500; 5177491661500; 5177491661500; 5177491661500; 5177491661500; 5177491661500; Connection lost [WinError 10057] Eine Anforderung zum Senden oder Empfangen von Daten wurde verhindert, da der Socket nicht verbunden ist und (beim Senden über einen Datagrammsocket mit einem sendto-Aufruf) keine Adresse angegeben wurde
2024-11-11 15:31:59,943 - 15:31:59.899; 1; 11; 5181764328600; 5181764328600; 5181764328600; 5181764328600; 5181764328600; 5181764328600; No connection possible: [WinError 10061] Es konnte keine Verbindung hergestellt werden, da der Zielcomputer die Verbindung verweigerte
2024-11-11 15:32:02,136 - 15:32:02.126; 1; 11; 5183987157500; 5183987157500; 5183987157500; 5183987157500; 5183987157500; 5183987157500; Connection lost [WinError 10057] Eine Anforderung zum Senden oder Empfangen von Daten wurde verhindert, da der Socket nicht verbunden ist und (beim Senden über einen Datagrammsocket mit einem sendto-Aufruf) keine Adresse angegeben wurde
2024-11-11 15:32:06,518 - 15:32:06.452; 1; 11; 5188312543900; 5188312543900; 5188312543900; 5188312543900; 5188312543900; 5188312543900; No connection possible: [WinError 10061] Es konnte keine Verbindung hergestellt werden, da der Zielcomputer die Verbindung verweigerte
2024-11-11 15:32:08,747 - 15:32:08.687; 1; 11; 5190548698600; 5190548698600; 5190548698600; 5190548698600; 5190548698600; 5190548698600; Connection lost [WinError 10057] Eine Anforderung zum Senden oder Empfangen von Daten wurde verhindert, da der Socket nicht verbunden ist und (beim Senden über einen Datagrammsocket mit einem sendto-Aufruf) keine Adresse angegeben wurde
2024-11-11 15:32:13,056 - 15:32:12.988; 1; 11; 5194849194000; 5194849194000; 5194849194000; 5194849194000; 5194849194000; 5194849194000; No connection possible: [WinError 10061] Es konnte keine Verbindung hergestellt werden, da der Zielcomputer die Verbindung verweigerte
2024-11-11 15:32:15,270 - 15:32:15.235; 1; 11; 5197097027900; 5197097027900; 5197097027900; 5197097027900; 5197097027900; 5197097027900; Connection lost [WinError 10057] Eine Anforderung zum Senden oder Empfangen von Daten wurde verhindert, da der Socket nicht verbunden ist und (beim Senden über einen Datagrammsocket mit einem sendto-Aufruf) keine Adresse angegeben wurde
2024-11-11 15:32:21,514 - 15:32:21.465; 1; 11; 5203325667700; 5203325667700; 5203325667700; 5203325667700; 5203325667700; 5203325667700; No connection possible: [WinError 10061] Es konnte keine Verbindung hergestellt werden, da der Zielcomputer die Verbindung verweigerte
2024-11-11 15:32:23,734 - 15:32:23.690; 1; 11; 5205551862200; 5205551862200; 5205551862200; 5205551862200; 5205551862200; 5205551862200; Connection lost [WinError 10057] Eine Anforderung zum Senden oder Empfangen von Daten wurde verhindert, da der Socket nicht verbunden ist und (beim Senden über einen Datagrammsocket mit einem sendto-Aufruf) keine Adresse angegeben wurde
2024-11-11 15:32:28,002 - 15:32:27.940; 1; 11; 5209807278500; 5209807278500; 5209807278500; 5209807278500; 5209807278500; 5209807278500; No connection possible: [WinError 10061] Es konnte keine Verbindung hergestellt werden, da der Zielcomputer die Verbindung verweigerte
2024-11-11 15:32:30,188 - 15:32:30.181; 1; 11; 5212041264600; 5212041264600; 5212041264600; 5212041264600; 5212041264600; 5212041264600; Connection lost [WinError 10057] Eine Anforderung zum Senden oder Empfangen von Daten wurde verhindert, da der Socket nicht verbunden ist und (beim Senden über einen Datagrammsocket mit einem sendto-Aufruf) keine Adresse angegeben wurde
2024-11-11 15:33:38,273 - 15:33:37.668; 0; 0; 5279518775100; 5279526435600; 5279601786800; 431123300; 5280116791700; 5280117171300; b'happy'
2024-11-11 15:33:38,969 - 15:33:38.439; 0; 1; 5279518775100; 5280297874700; 5280345990000; 429549882; 5280821910800; 5280822600800; b'happy'
2024-11-11 15:33:39,631 - 15:33:39.098; 0; 2; 5279518775100; 5280956990900; 5281005184500; 437875312; 5281486253000; 5281486502500; b'happy'
2024-11-11 15:33:40,305 - 15:33:39.778; 0; 3; 5279518775100; 5281636913200; 5281679523400; 343821745; 5282157814100; 5282158271500; b'happy'
2024-11-11 15:33:41,023 - 15:33:40.470; 0; 4; 5279518775100; 5282329016600; 5282390718500; 363246965; 5282875891800; 5282876227800; b'happy'
2024-11-11 15:33:41,697 - 15:33:41.285; 0; 5; 5279518775100; 5283143511400; 5283199709000; 293358096; 5283547813000; 5283548080700; b'neutral'
2024-11-11 15:33:42,457 - 15:33:41.977; 0; 6; 5279518775100; 5283836262800; 5283896630400; 270756073; 5284310313800; 5284310698900; b'happy'
2024-11-11 15:33:43,098 - 15:33:42.647; 0; 7; 5284946523700; 5284946523700; 5284946523700; 5284946523700; 5284946523700; 5284946523700; Connection lost [WinError 10054] Eine vorhandene Verbindung wurde vom Remotehost geschlossen
2024-11-11 15:34:06,813 - 15:34:06.794; 0; 7; 5308654769800; 5308654769800; 5308654769800; 5308654769800; 5308654769800; 5308654769800; No connection possible: [WinError 10060] Ein Verbindungsversuch ist fehlgeschlagen, da die Gegenstelle nach einer bestimmten Zeitspanne nicht richtig reagiert hat, oder die hergestellte Verbindung war fehlerhaft, da der verbundene Host nicht reagiert hat
2024-11-11 15:34:09,036 - 15:34:09.023; 0; 7; 5310885142400; 5310885142400; 5310885142400; 5310885142400; 5310885142400; 5310885142400; Connection lost [WinError 10057] Eine Anforderung zum Senden oder Empfangen von Daten wurde verhindert, da der Socket nicht verbunden ist und (beim Senden über einen Datagrammsocket mit einem sendto-Aufruf) keine Adresse angegeben wurde
2024-11-11 15:34:39,694 - 15:34:39.120; 0; 0; 5340967541800; 5340978797400; 5341057120500; 427968198; 5341541225100; 5341541991600; b'happy'
2024-11-11 15:34:40,441 - 15:34:39.832; 0; 1; 5340967541800; 5341693531800; 5341734714900; 425243048; 5342280189000; 5342291721700; b'happy'
2024-11-11 15:34:41,105 - 15:34:40.564; 0; 2; 5340967541800; 5342422389900; 5342450771800; 453276871; 5342962695600; 5342963389800; b'happy'
2024-11-11 15:34:41,734 - 15:34:41.232; 0; 3; 5340967541800; 5343090483200; 5343124565500; 332536906; 5343590543900; 5343591888000; b'happy'
2024-11-11 15:34:42,472 - 15:34:41.977; 0; 4; 5340967541800; 5343838590300; 5343869251300; 334208862; 5344329773200; 5344330263700; b'happy'
2024-11-11 15:35:00,594 - 15:34:42.661; 0; 5; 5340967541800; 5344522398300; 5344549880600; 279535391; 5362410338000; 5362410902700; b'neutral'
2024-11-11 15:35:01,442 - 15:35:00.874; 0; 6; 5340967541800; 5362735305800; 5362802611200; 275062974; 5363235887200; 5363236426200; b'happy'
2024-11-11 15:35:02,224 - 15:35:01.884; 0; 7; 5340967541800; 5363747000400; 5364081578500; 253136047; 5364081657400; 5364082321400; b'None'
2024-11-11 15:35:02,926 - 15:35:02.534; 0; 8; 5340967541800; 5364394677900; 5364428788700; 298191912; 5364783902900; 5364784830900; b'neutral'
2024-11-11 15:35:03,746 - 15:35:03.170; 0; 9; 5340967541800; 5365034088800; 5365070944900; 325872156; 5365567551300; 5365572048300; b'happy'
2024-11-11 15:35:04,577 - 15:35:04.012; 0; 10; 5340967541800; 5365875119300; 5366020484600; 295312699; 5366428398700; 5366429098200; b'happy'
2024-11-11 15:35:05,324 - 15:35:04.853; 0; 11; 5340967541800; 5366719034800; 5366762984200; 351380019; 5367180773000; 5367181371200; b'happy'
2024-11-11 15:35:06,146 - 15:35:05.561; 0; 12; 5340967541800; 5367423931000; 5367556052000; 295084453; 5367998090900; 5367998741300; b'happy'
2024-11-11 15:35:06,731 - 15:35:06.344; 0; 13; 5340967541800; 5368204542800; 5368357772900; 271657670; 5368578577400; 5368579187600; b'neutral'
2024-11-11 15:35:07,358 - 15:35:06.911; 0; 14; 5340967541800; 5368769722400; 5368802176200; 285696273; 5369216593700; 5369217452500; b'happy'
2024-11-11 15:35:08,180 - 15:35:07.604; 1; 0; 5340967541800; 5369465834300; 5369509940700; 343420641; 5370004544000; 5370009587200; b'happy'
2024-11-11 15:35:08,831 - 15:35:08.356; 1; 1; 5340967541800; 5370219109800; 5370242198400; 390629038; 5370689567400; 5370690665200; b'happy'
2024-11-11 15:35:09,563 - 15:35:09.041; 1; 2; 5340967541800; 5370903010000; 5370937444700; 431149577; 5371420906700; 5371422100900; b'happy'
2024-11-11 15:35:10,206 - 15:35:09.751; 1; 3; 5340967541800; 5371613160400; 5371636861200; 328720687; 5372057535900; 5372059014800; b'happy'
2024-11-11 15:35:10,834 - 15:35:10.357; 1; 4; 5340967541800; 5372221785000; 5372252378700; 338689181; 5372692369300; 5372693370800; b'happy'
2024-11-11 15:35:11,408 - 15:35:11.021; 1; 5; 5340967541800; 5372883875100; 5372914125000; 289466172; 5373263071700; 5373263431500; b'neutral'
2024-11-11 15:35:11,947 - 15:35:11.555; 1; 6; 5340967541800; 5373413688300; 5373448788500; 278367750; 5373781300600; 5373782399600; b'happy'
2024-11-11 15:35:12,468 - 15:35:12.087; 1; 7; 5340967541800; 5373945127100; 5373982373300; 247120059; 5374325477000; 5374325956700; b'None'
2024-11-11 15:35:13,006 - 15:35:12.622; 1; 8; 5340967541800; 5374481291300; 5374518560800; 295435107; 5374862686300; 5374863029500; b'neutral'
2024-11-11 15:35:13,831 - 15:35:13.194; 1; 9; 5340967541800; 5375059514000; 5375082985400; 299847544; 5375666427800; 5375667050800; b'happy'
2024-11-11 15:35:14,525 - 15:35:14.061; 1; 10; 5340967541800; 5375920277800; 5375948992500; 293396152; 5376295505600; 5376296175500; b'happy'
2024-11-11 15:35:15,444 - 15:35:14.699; 1; 11; 5340967541800; 5376557576600; 5376822182300; 350603878; 5377302237100; 5377302911200; b'happy'
2024-11-11 15:35:16,158 - 15:35:15.707; 1; 12; 5340967541800; 5377567042900; 5377592520400; 293787558; 5378006700100; 5378008268300; b'happy'
2024-11-11 15:35:16,768 - 15:35:16.361; 1; 13; 5340967541800; 5378221687100; 5378309191600; 264230062; 5378625976900; 5378626566800; b'neutral'
2024-11-11 15:35:17,378 - 15:35:16.972; 1; 14; 5340967541800; 5378835950300; 5378867854400; 282278924; 5379236737800; 5379237638500; b'happy'
2024-11-11 15:40:13,102 - 15:40:12.591; 0; 0; 5674448544900; 5674455668800; 5674512356600; 344264307; 5674953818500; 5674954996700; b'happy'
2024-11-11 15:40:13,941 - 15:40:13.289; 0; 1; 5674448544900; 5675154937500; 5675184516600; 391373444; 5675703861500; 5675718767800; b'happy'
2024-11-11 15:40:14,641 - 15:40:14.079; 0; 2; 5674448544900; 5675938376800; 5675967657100; 441550878; 5676495993600; 5676496658500; b'happy'
2024-11-11 15:40:15,255 - 15:40:14.796; 0; 3; 5674448544900; 5676656541200; 5676684846100; 322675813; 5677113709900; 5677114179700; b'happy'
2024-11-11 15:40:15,967 - 15:40:15.435; 0; 4; 5674448544900; 5677295029200; 5677326904500; 345912211; 5677817676400; 5677818308300; b'happy'
2024-11-11 15:40:16,588 - 15:40:16.167; 0; 5; 5674448544900; 5678026480200; 5678061153900; 278301321; 5678446608300; 5678447015500; b'neutral'
2024-11-11 15:41:30,036 - 15:40:16.777; 0; 6; 5751287621300; 5751287621300; 5751287621300; 5751287621300; 5751287621300; 5751287621300; Connection lost [WinError 10053] Eine bestehende Verbindung wurde softwaregesteuert
durch den Hostcomputer abgebrochen
2024-11-11 15:41:32,533 - 15:41:32.523; 0; 6; 5754384222900; 5754384222900; 5754384222900; 5754384222900; 5754384222900; 5754384222900; No connection possible: [WinError 10065] Der Host war bei einem Socketvorgang nicht erreichbar
2024-11-11 15:41:34,793 - 15:41:34.785; 0; 6; 5756645265400; 5756645265400; 5756645265400; 5756645265400; 5756645265400; 5756645265400; Connection lost [WinError 10057] Eine Anforderung zum Senden oder Empfangen von Daten wurde verhindert, da der Socket nicht verbunden ist und (beim Senden über einen Datagrammsocket mit einem sendto-Aufruf) keine Adresse angegeben wurde
2024-11-11 15:41:37,011 - 15:41:37.011; 0; 6; 5758870207200; 5758870207200; 5758870207200; 5758870207200; 5758870207200; 5758870207200; No connection possible: [WinError 10065] Der Host war bei einem Socketvorgang nicht erreichbar
2024-11-11 15:41:39,141 - 15:41:39.132; 0; 6; 5760993986500; 5760993986500; 5760993986500; 5760993986500; 5760993986500; 5760993986500; Connection lost [WinError 10057] Eine Anforderung zum Senden oder Empfangen von Daten wurde verhindert, da der Socket nicht verbunden ist und (beim Senden über einen Datagrammsocket mit einem sendto-Aufruf) keine Adresse angegeben wurde
2024-11-11 15:41:41,335 - 15:41:41.329; 0; 6; 5763190104600; 5763190104600; 5763190104600; 5763190104600; 5763190104600; 5763190104600; No connection possible: [WinError 10065] Der Host war bei einem Socketvorgang nicht erreichbar
2024-11-11 15:41:43,514 - 15:41:43.510; 0; 6; 5765369905200; 5765369905200; 5765369905200; 5765369905200; 5765369905200; 5765369905200; Connection lost [WinError 10057] Eine Anforderung zum Senden oder Empfangen von Daten wurde verhindert, da der Socket nicht verbunden ist und (beim Senden über einen Datagrammsocket mit einem sendto-Aufruf) keine Adresse angegeben wurde
2024-11-11 15:42:06,997 - 15:42:06.988; 0; 6; 5788848059700; 5788848059700; 5788848059700; 5788848059700; 5788848059700; 5788848059700; No connection possible: [WinError 10060] Ein Verbindungsversuch ist fehlgeschlagen, da die Gegenstelle nach einer bestimmten Zeitspanne nicht richtig reagiert hat, oder die hergestellte Verbindung war fehlerhaft, da der verbundene Host nicht reagiert hat
2024-11-11 15:42:09,212 - 15:42:09.202; 0; 6; 5791063534400; 5791063534400; 5791063534400; 5791063534400; 5791063534400; 5791063534400; Connection lost [WinError 10057] Eine Anforderung zum Senden oder Empfangen von Daten wurde verhindert, da der Socket nicht verbunden ist und (beim Senden über einen Datagrammsocket mit einem sendto-Aufruf) keine Adresse angegeben wurde
2024-11-11 15:42:32,439 - 15:42:32.436; 0; 6; 5814296247000; 5814296247000; 5814296247000; 5814296247000; 5814296247000; 5814296247000; No connection possible: [WinError 10060] Ein Verbindungsversuch ist fehlgeschlagen, da die Gegenstelle nach einer bestimmten Zeitspanne nicht richtig reagiert hat, oder die hergestellte Verbindung war fehlerhaft, da der verbundene Host nicht reagiert hat
2024-11-11 15:42:34,632 - 15:42:34.628; 0; 6; 5816488360800; 5816488360800; 5816488360800; 5816488360800; 5816488360800; 5816488360800; Connection lost [WinError 10057] Eine Anforderung zum Senden oder Empfangen von Daten wurde verhindert, da der Socket nicht verbunden ist und (beim Senden über einen Datagrammsocket mit einem sendto-Aufruf) keine Adresse angegeben wurde
2024-11-13 12:12:53,566 - 12:12:51.529; 0; 0; 166039885570100; 166039896875400; 166039962085200; 1895032943; 166041909454300; 166041910297000; b'happy'
2024-11-13 12:12:53,763 - 12:12:53.747; 0; 1; 166042125600200; 166042125600200; 166042125600200; 166042125600200; 166042125600200; 166042125600200; Connection lost [WinError 10053] Eine bestehende Verbindung wurde softwaregesteuert
durch den Hostcomputer abgebrochen
2024-11-13 12:12:56,712 - 12:12:56.014; 0; 1; 166044367869200; 166044376670100; 166044420733100; 434131788; 166045073422500; 166045073840300; b'happy'
2024-11-13 12:12:56,929 - 12:12:56.907; 0; 2; 166045286822800; 166045286822800; 166045286822800; 166045286822800; 166045286822800; 166045286822800; Connection lost [WinError 10053] Eine bestehende Verbindung wurde softwaregesteuert
durch den Hostcomputer abgebrochen
2024-11-13 12:12:59,813 - 12:12:59.089; 0; 2; 166047445845200; 166047454766100; 166047537437400; 493441592; 166048170942400; 166048173006400; b'happy'
2024-11-13 12:13:00,095 - 12:13:00.062; 0; 3; 166048449805500; 166048449805500; 166048449805500; 166048449805500; 166048449805500; 166048449805500; Connection lost [WinError 10053] Eine bestehende Verbindung wurde softwaregesteuert
durch den Hostcomputer abgebrochen
2024-11-13 12:13:02,903 - 12:13:02.406; 0; 3; 166050758130500; 166050767385500; 166050820521300; 334762967; 166051245906000; 166051246212700; b'happy'
2024-11-13 12:13:03,091 - 12:13:03.060; 0; 4; 166051438791800; 166051438791800; 166051438791800; 166051438791800; 166051438791800; 166051438791800; Connection lost [WinError 10053] Eine bestehende Verbindung wurde softwaregesteuert
durch den Hostcomputer abgebrochen
2024-11-13 12:13:05,758 - 12:13:05.281; 0; 4; 166053631910500; 166053641859100; 166053675578600; 345836340; 166054116719400; 166054117866800; b'happy'
2024-11-13 12:13:06,034 - 12:13:05.985; 0; 5; 166054387315700; 166054387315700; 166054387315700; 166054387315700; 166054387315700; 166054387315700; Connection lost [WinError 10053] Eine bestehende Verbindung wurde softwaregesteuert
durch den Hostcomputer abgebrochen
2024-11-13 12:13:08,733 - 12:13:08.219; 0; 5; 166056576416700; 166056585596300; 166056646245500; 323415382; 166057083601500; 166057084420600; b'neutral'
2024-11-13 12:13:08,997 - 12:13:08.961; 0; 6; 166057354294700; 166057354294700; 166057354294700; 166057354294700; 166057354294700; 166057354294700; Connection lost [WinError 10053] Eine bestehende Verbindung wurde softwaregesteuert
durch den Hostcomputer abgebrochen
2024-11-13 12:13:11,700 - 12:13:11.204; 0; 6; 166059552420300; 166059565228700; 166059622807200; 282539916; 166060050415100; 166060051165100; b'happy'
2024-11-13 12:13:11,972 - 12:13:11.933; 0; 7; 166060332216700; 166060332216700; 166060332216700; 166060332216700; 166060332216700; 166060332216700; Connection lost [WinError 10053] Eine bestehende Verbindung wurde softwaregesteuert
durch den Hostcomputer abgebrochen
2024-11-13 12:20:36,354 - 12:20:35.740; 0; 0; 166504084648200; 166504091551000; 166504123889300; 438927184; 166504683570700; 166504684846300; b'happy'
2024-11-13 12:20:37,264 - 12:20:36.575; 0; 1; 166504084648200; 166504921530900; 166504950109300; 424005184; 166505600939800; 166505601314500; b'happy'
2024-11-13 12:20:37,953 - 12:20:37.419; 0; 2; 166504084648200; 166505766996200; 166505799173500; 452211308; 166506295944000; 166506296390300; b'happy'
2024-11-13 12:20:38,612 - 12:20:38.098; 0; 3; 166504084648200; 166506445660300; 166506464706700; 343447593; 166506943545100; 166506949647200; b'happy'
2024-11-13 12:20:39,217 - 12:20:38.745; 0; 4; 166504084648200; 166507099517300; 166507132334700; 348507675; 166507554482900; 166507555412900; b'happy'
2024-11-13 12:20:39,830 - 12:20:39.403; 0; 5; 166504084648200; 166507751625100; 166507782966000; 303180554; 166508165218100; 166508165793000; b'neutral'
2024-11-13 12:20:40,430 - 12:20:39.988; 0; 6; 166504084648200; 166508334979700; 166508358167000; 285169311; 166508773091900; 166508773704200; b'happy'
2024-11-13 12:20:41,149 - 12:20:40.603; 0; 7; 166504084648200; 166508949405600; 166508988080400; 256250317; 166509496133600; 166509496446300; b'None'
2024-11-13 12:20:41,779 - 12:20:41.350; 0; 8; 166504084648200; 166509697209600; 166509741753900; 295945969; 166510115257700; 166510116113700; b'neutral'
2024-11-13 12:20:42,379 - 12:20:41.915; 0; 9; 166504084648200; 166510265816100; 166510293509400; 302739456; 166510722855300; 166510723310500; b'happy'
2024-11-13 12:20:43,102 - 12:20:42.491; 0; 10; 166504084648200; 166510841163700; 166510882324500; 290739459; 166511443138900; 166511443524400; b'happy'
2024-11-13 12:20:43,815 - 12:20:43.276; 0; 11; 166504084648200; 166511624216800; 166511672303800; 345548341; 166512159708600; 166512160024000; b'happy'
2024-11-13 12:20:44,465 - 12:20:43.993; 0; 12; 166504084648200; 166512339344100; 166512389426600; 300317441; 166512810324700; 166512811041500; b'happy'
2024-11-13 12:20:45,256 - 12:20:44.624; 0; 13; 166504084648200; 166512970360700; 166513034531700; 424954353; 166513599376400; 166513599726400; b'neutral'
2024-11-13 12:20:46,001 - 12:20:45.575; 0; 14; 166504084648200; 166513921279900; 166513980225900; 316367837; 166514345178600; 166514345380700; b'happy'
2024-11-13 12:20:46,694 - 12:20:46.181; 1; 0; 166504084648200; 166514527499100; 166514547027600; 350272935; 166515031596800; 166515032118200; b'happy'
2024-11-13 12:20:47,403 - 12:20:46.881; 1; 1; 166504084648200; 166515229547700; 166515252404400; 402986535; 166515744490100; 166515745034000; b'happy'
2024-11-13 12:20:48,221 - 12:20:47.630; 1; 2; 166504084648200; 166515976076000; 166516004204700; 447171336; 166516563314600; 166516563750000; b'happy'
2024-11-13 12:20:48,822 - 12:20:48.404; 1; 3; 166504084648200; 166516750135400; 166516768950300; 347564436; 166517165349400; 166517165728500; b'happy'
2024-11-13 12:20:49,585 - 12:20:49.015; 1; 4; 166504084648200; 166517361239600; 166517382147800; 395560186; 166517895733800; 166517896890200; b'happy'
2024-11-13 12:20:50,154 - 12:20:49.762; 1; 5; 166504084648200; 166518108864200; 166518134978500; 304133645; 166518495880600; 166518496553100; b'neutral'
2024-11-13 12:20:50,799 - 12:20:50.293; 1; 6; 166504084648200; 166518643271700; 166518664171600; 302373940; 166519120221400; 166519122154100; b'happy'
2024-11-13 12:20:51,494 - 12:20:50.999; 1; 7; 166504084648200; 166519344441700; 166519362596500; 263278712; 166519837742900; 166519838634100; b'None'
2024-11-13 12:20:52,218 - 12:20:51.710; 1; 8; 166504084648200; 166520056382100; 166520075416600; 308016321; 166520556284300; 166520557175300; b'neutral'
2024-11-13 12:20:53,036 - 12:20:52.434; 1; 9; 166504084648200; 166520779318000; 166520803457300; 332902168; 166521374809200; 166521375759500; b'happy'
2024-11-13 12:20:53,883 - 12:20:53.314; 1; 10; 166504084648200; 166521660828800; 166521681480200; 310863113; 166522192586700; 166522197055700; b'happy'
2024-11-13 12:20:54,987 - 12:20:54.209; 1; 11; 166504084648200; 166522554761100; 166522582125500; 384902033; 166523322942300; 166523324210900; b'happy'
2024-11-13 12:20:56,106 - 12:20:55.491; 1; 12; 166504084648200; 166523843299700; 166523966641300; 336806899; 166524450699400; 166524451267100; b'happy'
2024-11-13 12:20:56,948 - 12:20:56.393; 1; 13; 166504084648200; 166524738277400; 166524758047500; 280614390; 166525268214800; 166525272401900; b'neutral'
2024-11-13 12:20:57,755 - 12:20:57.296; 1; 14; 166504084648200; 166525644530300; 166525670733400; 317037499; 166526092066800; 166526092926700; b'happy'
2024-11-13 12:27:33,475 - 12:27:32.919; 0; 0; 166921242782800; 166921256230200; 166921312224200; 437552963; 166921803884200; 166921804495500; b'happy'
2024-11-13 12:27:34,252 - 12:27:33.648; 0; 1; 166921242782800; 166921985319200; 166922005907700; 429377624; 166922587321100; 166922587611800; b'happy'
2024-11-13 12:27:35,023 - 12:27:34.409; 0; 2; 166921242782800; 166922747993700; 166922768656000; 451644887; 166923333456000; 166923335615100; b'happy'
2024-11-13 12:27:35,702 - 12:27:35.212; 0; 3; 166921242782800; 166923549328200; 166923571592800; 316703240; 166924021656100; 166924023200300; b'happy'
2024-11-13 12:27:36,421 - 12:27:35.907; 0; 4; 166921242782800; 166924245219000; 166924265956200; 335142514; 166924729750100; 166924736373400; b'happy'
2024-11-13 12:27:37,129 - 12:27:36.570; 0; 5; 166921242782800; 166924908104900; 166924928877900; 288816512; 166925457103900; 166925457657700; b'neutral'
2024-11-13 12:27:37,639 - 12:27:37.277; 0; 6; 166921242782800; 166925614850000; 166925636196100; 275519568; 166925971223800; 166925972275500; b'happy'
2024-11-13 12:27:38,377 - 12:27:37.815; 0; 7; 166921242782800; 166926153227900; 166926183722900; 252642656; 166926682763100; 166926694668100; b'None'
2024-11-13 12:27:39,126 - 12:27:38.559; 0; 8; 166921242782800; 166926898997100; 166926916200100; 302172114; 166927274057000; 166927284864100; b'neutral'
2024-11-13 12:27:39,884 - 12:27:39.503; 0; 9; 166921242782800; 166927840585900; 166927856894000; 299693137; 166928214279900; 166928215479400; b'happy'
2024-11-13 12:27:40,438 - 12:27:40.064; 0; 10; 166921242782800; 166928401368500; 166928423686800; 287634556; 166928759678200; 166928760684800; b'happy'
2024-11-13 12:27:41,115 - 12:27:40.612; 0; 11; 166921242782800; 166928950169700; 166928969668700; 355434395; 166929445051600; 166929445602500; b'happy'
2024-11-13 12:27:41,867 - 12:27:41.301; 0; 12; 166921242782800; 166929638241700; 166929662433400; 298712096; 166930159557200; 166930160624300; b'happy'
2024-11-13 12:27:42,553 - 12:27:42.007; 0; 13; 166921242782800; 166930344490200; 166930368725900; 265974033; 166930878467300; 166930879448800; b'neutral'
2024-11-13 12:27:43,387 - 12:27:42.866; 0; 14; 166921242782800; 166931204449100; 166931222795900; 283994130; 166931697221900; 166931698046800; b'happy'
2024-11-13 12:27:44,186 - 12:27:43.700; 1; 0; 166921242782800; 166932043754400; 166932065380700; 352926035; 166932521770300; 166932523269000; b'happy'
2024-11-13 12:27:44,968 - 12:27:44.357; 1; 1; 166921242782800; 166932699885300; 166932723349500; 413479036; 166933278854600; 166933284373600; b'happy'
2024-11-13 12:27:45,783 - 12:27:45.187; 1; 2; 166921242782800; 166933524868600; 166933540710300; 452901170; 166934055031300; 166934056512300; b'happy'
2024-11-13 12:27:46,555 - 12:27:45.968; 1; 3; 166921242782800; 166934306732700; 166934333613500; 319853454; 166934871982000; 166934876978600; b'happy'
2024-11-13 12:27:47,261 - 12:27:46.745; 1; 4; 166921242782800; 166935082670900; 166935102968300; 348498172; 166935594255600; 166935594769900; b'happy'
2024-11-13 12:27:47,969 - 12:27:47.450; 1; 5; 166921242782800; 166935787271100; 166935804199700; 294751447; 166936302329000; 166936303207500; b'neutral'
2024-11-13 12:27:48,590 - 12:27:48.227; 1; 6; 166921242782800; 166936564111000; 166936585494600; 277424304; 166936925207100; 166936925656500; b'happy'
2024-11-13 12:27:49,164 - 12:27:48.783; 1; 7; 166921242782800; 166937120634300; 166937154489800; 288121757; 166937497486100; 166937499202800; b'None'
2024-11-13 12:27:49,788 - 12:27:49.348; 1; 8; 166921242782800; 166937686206200; 166937709871400; 333067359; 166938091611300; 166938092517400; b'neutral'
2024-11-13 12:27:50,553 - 12:27:49.974; 1; 9; 166921242782800; 166938311910700; 166938326302300; 330169424; 166938870613800; 166938872149500; b'happy'
2024-11-13 12:27:51,176 - 12:27:50.770; 1; 10; 166921242782800; 166939109428400; 166939148644500; 308846659; 166939504879500; 166939505270100; b'happy'
2024-11-13 12:27:51,862 - 12:27:51.376; 1; 11; 166921242782800; 166939714195300; 166939752213400; 351555661; 166940192897700; 166940193474400; b'happy'
2024-11-13 12:27:52,580 - 12:27:52.060; 1; 12; 166921242782800; 166940402234700; 166940421884900; 323135486; 166940912417800; 166940912909400; b'happy'
2024-11-13 12:27:53,509 - 12:27:52.769; 1; 13; 166921242782800; 166941107074400; 166941126442000; 269330953; 166941786085400; 166941788362100; b'neutral'
2024-11-13 12:27:54,217 - 12:27:53.801; 1; 14; 166921242782800; 166942139571300; 166942159092400; 280451555; 166942553653100; 166942554671800; b'happy'
2024-11-13 12:28:01,786 - 12:28:01.335; 0; 0; 166949666157100; 166949673664500; 166949719758900; 356853434; 166950120613100; 166950121474300; b'happy'
2024-11-13 12:28:02,462 - 12:28:01.967; 0; 1; 166949666157100; 166950304369600; 166950322712500; 421159081; 166950796100300; 166950797501100; b'happy'
2024-11-13 12:28:03,208 - 12:28:02.622; 0; 2; 166949666157100; 166950959833300; 166951004086400; 464650084; 166951535445500; 166951536800300; b'happy'
2024-11-13 12:28:04,149 - 12:28:03.535; 0; 3; 166949666157100; 166951878903300; 166951903567300; 329748123; 166952479980100; 166952480741900; b'happy'
2024-11-13 12:28:04,775 - 12:28:04.252; 0; 4; 166949666157100; 166952588979100; 166952607028300; 336321380; 166953109144300; 166953110333700; b'happy'
2024-11-13 12:28:05,379 - 12:28:05.006; 0; 5; 166949666157100; 166953342993900; 166953370803300; 284389323; 166953714508500; 166953716055000; b'neutral'
2024-11-13 12:28:05,915 - 12:28:05.495; 0; 6; 166949666157100; 166953838626600; 166953862431100; 268558818; 166954236898200; 166954239348700; b'happy'
2024-11-13 12:28:06,462 - 12:28:06.125; 0; 7; 166949666157100; 166954462310300; 166954492023000; 253682919; 166954795406300; 166954795737900; b'None'
2024-11-13 12:28:07,088 - 12:28:06.581; 0; 8; 166949666157100; 166954918993500; 166954940072900; 293886773; 166955391481300; 166955398662300; b'neutral'
2024-11-13 12:28:07,742 - 12:28:07.239; 0; 9; 166949666157100; 166955577139000; 166955598710900; 306009171; 166956073958600; 166956075049100; b'happy'
2024-11-13 12:28:08,450 - 12:28:07.885; 0; 10; 166949666157100; 166956222623100; 166956243406500; 288950612; 166956782672900; 166956783090700; b'happy'
2024-11-13 12:28:09,278 - 12:28:08.685; 0; 11; 166949666157100; 166957023000500; 166957046736000; 342036947; 166957611388000; 166957611741400; b'happy'
2024-11-13 12:28:09,859 - 12:28:09.469; 0; 12; 166949666157100; 166957809283600; 166957830293000; 306834163; 166958191083500; 166958191837400; b'happy'
2024-11-13 12:28:10,619 - 12:28:10.118; 0; 13; 166949666157100; 166958458490600; 166958488329800; 266888673; 166958937390700; 166958938518300; b'neutral'
2024-11-13 12:28:11,260 - 12:28:10.881; 0; 14; 166949666157100; 166959218861200; 166959255858900; 280253223; 166959591388400; 166959591792500; b'happy'
2024-11-13 12:28:11,943 - 12:28:11.421; 1; 0; 166949666157100; 166959758130600; 166959788556800; 344319485; 166960188555800; 166960231648900; b'happy'
2024-11-13 12:28:12,572 - 12:28:12.075; 1; 1; 166949666157100; 166960419437000; 166960442316700; 409031017; 166960902249100; 166960903544000; b'happy'
2024-11-13 12:28:13,270 - 12:28:12.693; 1; 2; 166949666157100; 166961031228100; 166961055537700; 434576168; 166961601640000; 166961602081000; b'happy'
2024-11-13 12:28:14,288 - 12:28:13.717; 1; 3; 166949666157100; 166962058274600; 166962086125900; 318213824; 166962619481600; 166962620031100; b'happy'
2024-11-13 12:28:14,921 - 12:28:14.466; 1; 4; 166949666157100; 166962803438700; 166962836680500; 339544945; 166963252382200; 166963253169500; b'happy'
2024-11-13 12:28:15,519 - 12:28:15.042; 1; 5; 166949666157100; 166963379718400; 166963409331400; 281939777; 166963852384900; 166963852797400; b'neutral'
2024-11-13 12:28:16,133 - 12:28:15.651; 1; 6; 166949666157100; 166963995372000; 166964032325700; 271008213; 166964464194400; 166964465663200; b'happy'
2024-11-13 12:28:16,661 - 12:28:16.277; 1; 7; 166949666157100; 166964614580300; 166964646639800; 253528007; 166964988108900; 166964989092400; b'None'
2024-11-13 12:28:17,359 - 12:28:16.893; 1; 8; 166949666157100; 166965230282200; 166965251991900; 302754281; 166965690369100; 166965691259900; b'neutral'
2024-11-13 12:28:18,089 - 12:28:17.520; 1; 9; 166949666157100; 166965858569300; 166965876072600; 312080769; 166966416213600; 166966416848500; b'happy'
2024-11-13 12:28:18,706 - 12:28:18.243; 1; 10; 166949666157100; 166966580900000; 166966598667400; 289155496; 166967035406100; 166967036384000; b'happy'
2024-11-13 12:28:19,409 - 12:28:18.944; 1; 11; 166949666157100; 166967282274300; 166967315663500; 343142725; 166967742535600; 166967743431400; b'happy'
2024-11-13 12:28:19,958 - 12:28:19.581; 1; 12; 166949666157100; 166967918793400; 166967939825900; 296752231; 166968289382200; 166968290145800; b'happy'
2024-11-13 12:28:20,472 - 12:28:20.106; 1; 13; 166949666157100; 166968443075100; 166968483423100; 261191390; 166968802783600; 166968803650100; b'neutral'
2024-11-13 12:28:21,054 - 12:28:20.623; 1; 14; 166949666157100; 166968960723500; 166969001912200; 285712752; 166969384641000; 166969385105000; b'happy'
2024-11-13 13:26:56,315 - 13:26:55.408; 0; 0; 170483733201200; 170483744064500; 170483934940100; 473519646; 170484634808400; 170484635315800; b'happy'
2024-11-13 13:26:57,217 - 13:26:56.616; 0; 1; 170483733201200; 170484957245800; 170485019800900; 465769507; 170485536969800; 170485537328800; b'happy'
2024-11-13 13:26:58,244 - 13:26:57.566; 0; 2; 170483733201200; 170485901292500; 170485955844600; 507201313; 170486578700600; 170486578979500; b'happy'
2024-11-13 13:26:59,059 - 13:26:58.415; 0; 3; 170483733201200; 170486750741500; 170486796142800; 351603594; 170487392024500; 170487393281500; b'happy'
2024-11-13 13:26:59,781 - 13:26:59.215; 0; 4; 170483733201200; 170487551155100; 170487610722200; 344772300; 170488111510600; 170488111816500; b'happy'
2024-11-13 13:27:00,595 - 13:27:00.053; 0; 5; 170483733201200; 170488390335600; 170488444078200; 316518183; 170488925322000; 170488925696600; b'neutral'
2024-11-13 13:27:01,214 - 13:27:00.733; 0; 6; 170483733201200; 170489074803700; 170489124893400; 281383998; 170489548873100; 170489549236700; b'happy'
2024-11-13 13:27:01,876 - 13:27:01.366; 0; 7; 170483733201200; 170489701889500; 170489745350700; 261502630; 170490151769400; 170490152049400; b'None'
2024-11-13 13:27:02,441 - 13:27:02.017; 0; 8; 170483733201200; 170490357978500; 170490391695500; 316317387; 170490775694400; 170490776223200; b'neutral'
2024-11-13 13:27:03,162 - 13:27:02.709; 0; 9; 170483733201200; 170491044177800; 170491101742500; 312107687; 170491489960100; 170491491216200; b'happy'
2024-11-13 13:27:03,821 - 13:27:03.374; 0; 10; 170483733201200; 170491709258600; 170491751728900; 289272349; 170492147586000; 170492152011600; b'happy'
2024-11-13 13:27:04,541 - 13:27:03.961; 0; 11; 170483733201200; 170492303605200; 170492337487700; 361963631; 170492837153700; 170492852270100; b'happy'
2024-11-13 13:27:05,307 - 13:27:04.822; 0; 12; 170483733201200; 170493164389500; 170493209600600; 303800907; 170493638948600; 170493640105100; b'happy'
2024-11-13 13:27:05,866 - 13:27:05.505; 0; 13; 170483733201200; 170493840927800; 170493878680500; 279162601; 170494199882200; 170494200813500; b'neutral'
2024-11-13 13:27:06,540 - 13:27:06.058; 0; 14; 170483733201200; 170494394038200; 170494418573600; 295222626; 170494865558600; 170494866305500; b'happy'
2024-11-13 13:27:07,262 - 13:27:06.717; 1; 0; 170483733201200; 170495052134600; 170495074895200; 369407623; 170495589774200; 170495590910500; b'happy'
2024-11-13 13:27:07,988 - 13:27:07.475; 1; 1; 170483733201200; 170495810970300; 170495844245100; 427315738; 170496316579300; 170496317554700; b'happy'
2024-11-13 13:27:08,733 - 13:27:08.146; 1; 2; 170483733201200; 170496481264400; 170496516554900; 437016388; 170497024611200; 170497066133700; b'happy'
2024-11-13 13:27:09,405 - 13:27:08.881; 1; 3; 170483733201200; 170497221568900; 170497245747300; 326948770; 170497736819800; 170497738132700; b'happy'
2024-11-13 13:27:10,122 - 13:27:09.613; 1; 4; 170483733201200; 170497948820200; 170497980591900; 345382983; 170498449750500; 170498450241400; b'happy'
2024-11-13 13:27:10,843 - 13:27:10.340; 1; 5; 170483733201200; 170498675193500; 170498699002400; 299543843; 170499170306200; 170499170918000; b'neutral'
2024-11-13 13:27:11,556 - 13:27:11.146; 1; 6; 170483733201200; 170499481845900; 170499514687400; 283670812; 170499887314800; 170499888363200; b'happy'
2024-11-13 13:27:12,174 - 13:27:11.717; 1; 7; 170483733201200; 170500059816900; 170500087135300; 265989849; 170500500054700; 170500500643800; b'None'
2024-11-13 13:27:12,729 - 13:27:12.330; 1; 8; 170483733201200; 170500665697000; 170500699798200; 308675213; 170501063374600; 170501063749900; b'neutral'
2024-11-13 13:27:13,390 - 13:27:12.920; 1; 9; 170483733201200; 170501256438300; 170501278226400; 305251307; 170501723676600; 170501724343900; b'happy'
2024-11-13 13:27:14,165 - 13:27:13.585; 1; 10; 170483733201200; 170501923007400; 170501941682600; 299005082; 170502448516600; 170502481207700; b'happy'
2024-11-13 13:27:14,831 - 13:27:14.372; 1; 11; 170483733201200; 170502709317300; 170502735650400; 365294149; 170503162145100; 170503162639900; b'happy'
2024-11-13 13:27:15,548 - 13:27:15.021; 1; 12; 170483733201200; 170503356309000; 170503375327400; 306446136; 170503880537100; 170503881117300; b'happy'
2024-11-13 13:27:16,140 - 13:27:15.767; 1; 13; 170483733201200; 170504102694700; 170504127662100; 272959739; 170504449103900; 170504449939100; b'neutral'
2024-11-13 13:27:16,779 - 13:27:16.341; 1; 14; 170483733201200; 170504676176100; 170504699025200; 291819108; 170505112004800; 170505112629800; b'happy'
2024-11-13 13:28:41,365 - 13:28:40.726; 0; 0; 170589069829200; 170589077544800; 170589125525300; 474766576; 170589696952000; 170589697783900; b'happy'
2024-11-13 13:28:42,438 - 13:28:41.770; 0; 1; 170589069829200; 170590116719800; 170590182931100; 432892707; 170590726164200; 170590745014100; b'happy'
2024-11-13 13:28:43,157 - 13:28:42.632; 0; 2; 170589069829200; 170590979830900; 170591006027900; 450415457; 170591506879500; 170591507136500; b'happy'
2024-11-13 13:28:43,911 - 13:28:43.417; 0; 3; 170589069829200; 170591762134800; 170591795212700; 355003561; 170592253183900; 170592253875500; b'happy'
2024-11-13 13:28:44,534 - 13:28:44.050; 0; 4; 170589069829200; 170592398354300; 170592422481600; 353303403; 170592878012900; 170592878418000; b'happy'
2024-11-13 13:29:05,817 - 13:28:46.637; 0; 5; 170614158182000; 170614158182000; 170614158182000; 170614158182000; 170614158182000; 170614158182000; Connection lost [WinError 10060] Ein Verbindungsversuch ist fehlgeschlagen, da die Gegenstelle nach einer bestimmten Zeitspanne nicht richtig reagiert hat, oder die hergestellte Verbindung war fehlerhaft, da der verbundene Host nicht reagiert hat
2024-11-13 13:37:29,620 - 13:37:28.980; 0; 0; 171117353229000; 171117361794100; 171117396445300; 474315816; 171117990600500; 171117991305100; b'happy'
2024-11-13 13:37:30,465 - 13:37:29.874; 0; 1; 171117353229000; 171118257853900; 171118279166900; 446453946; 171118813899700; 171118841071800; b'happy'
2024-11-13 13:37:31,247 - 13:37:30.610; 0; 2; 171117353229000; 171118996161900; 171119022264600; 477646459; 171119627235800; 171119627638800; b'happy'
2024-11-13 13:37:31,916 - 13:37:31.388; 0; 3; 171117353229000; 171119773616300; 171119788336800; 331374953; 171120242680800; 171120243434100; b'happy'
2024-11-13 13:37:52,705 - 13:37:33.557; 0; 4; 171141079126800; 171141079126800; 171141079126800; 171141079126800; 171141079126800; 171141079126800; Connection lost [WinError 10060] Ein Verbindungsversuch ist fehlgeschlagen, da die Gegenstelle nach einer bestimmten Zeitspanne nicht richtig reagiert hat, oder die hergestellte Verbindung war fehlerhaft, da der verbundene Host nicht reagiert hat
2024-11-13 13:37:54,889 - 13:37:54.873; 0; 4; 171143257837800; 171143257837800; 171143257837800; 171143257837800; 171143257837800; 171143257837800; No connection possible: [WinError 10065] Der Host war bei einem Socketvorgang nicht erreichbar
2024-11-13 13:37:57,125 - 13:37:57.118; 0; 4; 171145501243800; 171145501243800; 171145501243800; 171145501243800; 171145501243800; 171145501243800; Connection lost [WinError 10057] Eine Anforderung zum Senden oder Empfangen von Daten wurde verhindert, da der Socket nicht verbunden ist und (beim Senden über einen Datagrammsocket mit einem sendto-Aufruf) keine Adresse angegeben wurde
2024-11-13 13:37:59,438 - 13:37:59.431; 0; 4; 171147812542700; 171147812542700; 171147812542700; 171147812542700; 171147812542700; 171147812542700; No connection possible: [WinError 10065] Der Host war bei einem Socketvorgang nicht erreichbar
2024-11-13 13:38:01,619 - 13:38:01.616; 0; 4; 171149999554800; 171149999554800; 171149999554800; 171149999554800; 171149999554800; 171149999554800; Connection lost [WinError 10057] Eine Anforderung zum Senden oder Empfangen von Daten wurde verhindert, da der Socket nicht verbunden ist und (beim Senden über einen Datagrammsocket mit einem sendto-Aufruf) keine Adresse angegeben wurde
2024-11-13 13:38:03,999 - 13:38:03.994; 0; 4; 171152375992300; 171152375992300; 171152375992300; 171152375992300; 171152375992300; 171152375992300; No connection possible: [WinError 10065] Der Host war bei einem Socketvorgang nicht erreichbar
2024-11-13 13:38:06,260 - 13:38:06.153; 0; 4; 171154534391200; 171154534391200; 171154534391200; 171154534391200; 171154534391200; 171154534391200; Connection lost [WinError 10057] Eine Anforderung zum Senden oder Empfangen von Daten wurde verhindert, da der Socket nicht verbunden ist und (beim Senden über einen Datagrammsocket mit einem sendto-Aufruf) keine Adresse angegeben wurde
2024-11-13 13:38:09,870 - 13:38:09.393; 0; 4; 171157770439900; 171157776820900; 171157810322200; 359833734; 171158247801700; 171158248215300; b'happy'
2024-11-13 13:43:15,162 - 13:43:14.532; 0; 0; 171462914131300; 171462922530400; 171462969735000; 456805101; 171463536633000; 171463537731700; b'happy'
2024-11-13 13:43:16,011 - 13:43:15.366; 0; 1; 171462914131300; 171463750291100; 171463777006400; 434636353; 171464355342700; 171464359106300; b'happy'
2024-11-13 13:43:16,992 - 13:43:16.392; 0; 2; 171462914131300; 171464776459500; 171464797083800; 464367558; 171465374433100; 171465375170300; b'happy'
2024-11-13 13:43:37,153 - 13:43:17.967; 0; 3; 171485537792700; 171485537792700; 171485537792700; 171485537792700; 171485537792700; 171485537792700; Connection lost [WinError 10060] Ein Verbindungsversuch ist fehlgeschlagen, da die Gegenstelle nach einer bestimmten Zeitspanne nicht richtig reagiert hat, oder die hergestellte Verbindung war fehlerhaft, da der verbundene Host nicht reagiert hat
2024-11-13 13:43:39,610 - 13:43:39.603; 0; 3; 171487988110000; 171487988110000; 171487988110000; 171487988110000; 171487988110000; 171487988110000; No connection possible: [WinError 10065] Der Host war bei einem Socketvorgang nicht erreichbar
2024-11-13 13:43:42,104 - 13:43:42.065; 0; 3; 171490452231800; 171490452231800; 171490452231800; 171490452231800; 171490452231800; 171490452231800; Connection lost [WinError 10057] Eine Anforderung zum Senden oder Empfangen von Daten wurde verhindert, da der Socket nicht verbunden ist und (beim Senden über einen Datagrammsocket mit einem sendto-Aufruf) keine Adresse angegeben wurde
2024-11-13 13:43:49,681 - 13:43:44.422; 0; 3; 171492785033300; 171492806247900; 171497653059400; 366898568; 171498069932600; 171498070785400; b'happy'
2024-11-13 13:43:51,887 - 13:43:51.423; 0; 4; 171492785033300; 171499809484300; 171499854952000; 365329083; 171500269809600; 171500270630300; b'happy'
2024-11-13 13:43:53,216 - 13:43:52.737; 0; 5; 171492785033300; 171501121186000; 171501164238000; 300302415; 171501524080700; 171501525577900; b'neutral'
2024-11-13 13:43:53,998 - 13:43:53.596; 0; 6; 171492785033300; 171501982063600; 171502019589200; 305730320; 171502381472300; 171502382006000; b'happy'
2024-11-13 13:43:55,197 - 13:43:54.792; 0; 7; 171492785033300; 171503183591300; 171503238271600; 265750263; 171503545199200; 171503546129400; b'None'
2024-11-13 13:43:56,248 - 13:43:55.765; 0; 8; 171492785033300; 171504152286300; 171504179644600; 324346482; 171504565318900; 171504565969400; b'neutral'
2024-11-13 13:43:57,454 - 13:43:57.014; 0; 9; 171492785033300; 171505411667100; 171505452544300; 321754850; 171505834018100; 171505834644400; b'happy'
2024-11-13 13:43:58,557 - 13:43:58.098; 0; 10; 171492785033300; 171506487409300; 171506518518500; 305862861; 171506875341500; 171506876218600; b'happy'
2024-11-13 13:43:59,754 - 13:43:59.251; 0; 11; 171492785033300; 171507637046700; 171507658018900; 373240467; 171508086181800; 171508086899200; b'happy'
2024-11-13 13:44:00,776 - 13:44:00.072; 0; 12; 171492785033300; 171508462693700; 171508573679100; 354868219; 171509135819300; 171509136310000; b'happy'
2024-11-13 13:44:01,628 - 13:44:01.257; 0; 13; 171492785033300; 171509645391000; 171509723697000; 288053464; 171510021550600; 171510022278400; b'neutral'
2024-11-13 13:44:02,499 - 13:44:01.952; 0; 14; 171492785033300; 171510338100900; 171510372483100; 308714856; 171510879052500; 171510879422900; b'happy'
2024-11-13 13:44:03,110 - 13:44:02.646; 1; 0; 171492785033300; 171511032925800; 171511062640000; 366280348; 171511487397600; 171511487935700; b'happy'
2024-11-13 13:44:04,143 - 13:44:03.544; 1; 1; 171492785033300; 171511929523400; 171511963026200; 428848198; 171512524084600; 171512524614300; b'happy'
2024-11-13 13:44:04,873 - 13:44:04.309; 1; 2; 171492785033300; 171512693438800; 171512723691000; 471787151; 171513249378800; 171513250049300; b'happy'
2024-11-13 13:44:05,536 - 13:44:05.096; 1; 3; 171492785033300; 171513481220100; 171513498869500; 332994185; 171513919748100; 171513920127900; b'happy'
2024-11-13 13:44:06,266 - 13:44:05.791; 1; 4; 171492785033300; 171514175744500; 171514196281200; 359357332; 171514643573100; 171514644899600; b'happy'
2024-11-13 13:44:06,895 - 13:44:06.397; 1; 5; 171492785033300; 171514786145300; 171514817002700; 300998736; 171515280032400; 171515280374900; b'neutral'
2024-11-13 13:44:07,634 - 13:44:07.084; 1; 6; 171492785033300; 171515468998600; 171515530424100; 293981015; 171516012388700; 171516013320000; b'happy'
2024-11-13 13:44:08,254 - 13:44:07.824; 1; 7; 171492785033300; 171516209570500; 171516229564400; 266596646; 171516588348200; 171516589188900; b'None'
2024-11-13 13:44:08,933 - 13:44:08.439; 1; 8; 171492785033300; 171516823573600; 171516843481500; 314411496; 171517309682700; 171517310185400; b'neutral'
2024-11-13 13:44:09,699 - 13:44:09.133; 1; 9; 171492785033300; 171517516495600; 171517538291600; 331150349; 171518039004600; 171518039730300; b'happy'
2024-11-13 13:44:10,483 - 13:44:09.877; 1; 10; 171492785033300; 171518261317900; 171518283622400; 321449806; 171518857281200; 171518863433300; b'happy'
2024-11-13 13:44:11,369 - 13:44:10.764; 1; 11; 171492785033300; 171519147792200; 171519170713000; 441415536; 171519752995200; 171519753739800; b'happy'
2024-11-13 13:44:12,219 - 13:44:11.643; 1; 12; 171492785033300; 171520027487600; 171520044539500; 350574660; 171520594666700; 171520596313600; b'happy'
2024-11-13 13:44:12,924 - 13:44:12.388; 1; 13; 171492785033300; 171520772218200; 171520802499700; 273856459; 171521302500000; 171521303203800; b'neutral'
2024-11-13 13:44:13,628 - 13:44:13.116; 1; 14; 171492785033300; 171521501233900; 171521521119900; 298968684; 171522009735000; 171522010426400; b'happy'
2024-11-13 13:46:31,217 - 13:46:30.548; 0; 0; 171658924591000; 171658931156600; 171658969449200; 514864556; 171659586591500; 171659586995600; b'happy'
2024-11-13 13:46:32,340 - 13:46:31.599; 0; 1; 171658924591000; 171659979865200; 171660004646200; 494308175; 171660713089600; 171660714948600; b'happy'
2024-11-13 13:46:33,077 - 13:46:32.475; 0; 2; 171658924591000; 171660856237200; 171660885698000; 509708865; 171661452276200; 171661453557200; b'happy'
2024-11-13 13:46:33,821 - 13:46:33.241; 0; 3; 171658924591000; 171661624344300; 171661645905800; 351466631; 171662193713100; 171662196699800; b'happy'
2024-11-13 13:46:34,399 - 13:46:33.942; 0; 4; 171658924591000; 171662324848500; 171662346224100; 372263977; 171662779119300; 171662780044500; b'happy'
2024-11-13 13:46:35,011 - 13:46:34.543; 0; 5; 171658924591000; 171662925126800; 171662952131100; 311344815; 171663380796100; 171663381477400; b'neutral'
2024-11-13 14:29:44,491 - 14:29:43.931; 0; 0; 174252307928200; 174252319446100; 174252359845400; 452488495; 174252864263400; 174252865474100; b'happy'
2024-11-13 14:29:45,415 - 14:29:44.857; 0; 1; 174252307928200; 174253238721600; 174253275052800; 446965525; 174253787393200; 174253787982600; b'happy'
2024-11-13 14:29:46,272 - 14:29:45.675; 0; 2; 174252307928200; 174254061241600; 174254094013200; 469339990; 174254649197900; 174254649758900; b'happy'
2024-11-13 14:29:46,856 - 14:29:46.438; 0; 3; 174252307928200; 174254819900900; 174254851375200; 338182598; 174255235892600; 174255236000000; b'happy'
2024-11-13 14:29:47,506 - 14:29:46.952; 0; 4; 174252307928200; 174255341279900; 174255371313700; 355855835; 174255887483900; 174255888197800; b'happy'
2024-11-13 14:29:48,124 - 14:29:47.643; 0; 5; 174252307928200; 174256027402600; 174256053026500; 300458556; 174256505018300; 174256505476100; b'neutral'
2024-11-13 14:30:08,573 - 14:29:49.384; 0; 6; 174276946423400; 174276946423400; 174276946423400; 174276946423400; 174276946423400; 174276946423400; Connection lost [WinError 10060] Ein Verbindungsversuch ist fehlgeschlagen, da die Gegenstelle nach einer bestimmten Zeitspanne nicht richtig reagiert hat, oder die hergestellte Verbindung war fehlerhaft, da der verbundene Host nicht reagiert hat
2024-11-13 14:30:10,820 - 14:30:10.817; 0; 6; 174279200834300; 174279200834300; 174279200834300; 174279200834300; 174279200834300; 174279200834300; No connection possible: [WinError 10065] Der Host war bei einem Socketvorgang nicht erreichbar
2024-11-13 14:30:13,064 - 14:30:13.056; 0; 6; 174281440116500; 174281440116500; 174281440116500; 174281440116500; 174281440116500; 174281440116500; Connection lost [WinError 10057] Eine Anforderung zum Senden oder Empfangen von Daten wurde verhindert, da der Socket nicht verbunden ist und (beim Senden über einen Datagrammsocket mit einem sendto-Aufruf) keine Adresse angegeben wurde
2024-11-13 14:33:55,334 - 14:33:54.629; 0; 0; 174503001258900; 174503015900200; 174503059090200; 471783212; 174503702691200; 174503703062800; b'happy'
2024-11-13 14:33:56,051 - 14:33:55.479; 0; 1; 174503001258900; 174503863503600; 174503894007500; 438569348; 174504425056900; 174504425369300; b'happy'
2024-11-13 14:33:56,789 - 14:33:56.188; 0; 2; 174503001258900; 174504578747600; 174504634136400; 480933799; 174505173208800; 174505173600200; b'happy'
2024-11-13 14:33:57,395 - 14:33:56.939; 0; 3; 174503001258900; 174505324836900; 174505359606600; 354522603; 174505762697500; 174505763001800; b'happy'
2024-11-13 14:34:00,520 - 14:33:58.459; 0; 4; 174508847103700; 174508847103700; 174508847103700; 174508847103700; 174508847103700; 174508847103700; Connection lost timed out
2024-11-13 14:34:03,951 - 14:34:03.896; 0; 4; 174512286064500; 174512286064500; 174512286064500; 174512286064500; 174512286064500; 174512286064500; No connection possible: [WinError 10065] Der Host war bei einem Socketvorgang nicht erreichbar
2024-11-13 14:34:06,277 - 14:34:06.274; 0; 4; 174514659714700; 174514659714700; 174514659714700; 174514659714700; 174514659714700; 174514659714700; Connection lost [WinError 10057] Eine Anforderung zum Senden oder Empfangen von Daten wurde verhindert, da der Socket nicht verbunden ist und (beim Senden über einen Datagrammsocket mit einem sendto-Aufruf) keine Adresse angegeben wurde
2024-11-13 14:34:08,454 - 14:34:08.452; 0; 4; 174516836129700; 174516836129700; 174516836129700; 174516836129700; 174516836129700; 174516836129700; No connection possible: [WinError 10065] Der Host war bei einem Socketvorgang nicht erreichbar
2024-11-13 14:34:12,704 - 14:34:12.700; 0; 4; 174521086566800; 174521086566800; 174521086566800; 174521086566800; 174521086566800; 174521086566800; Connection lost [WinError 10057] Eine Anforderung zum Senden oder Empfangen von Daten wurde verhindert, da der Socket nicht verbunden ist und (beim Senden über einen Datagrammsocket mit einem sendto-Aufruf) keine Adresse angegeben wurde
2024-11-13 14:34:19,777 - 14:34:19.282; 0; 4; 174527660697500; 174527666536100; 174527708980300; 351275496; 174528160175100; 174528160298400; b'happy'
2024-11-13 14:34:20,629 - 14:34:20.243; 0; 5; 174527660697500; 174528628465200; 174528663072800; 294258038; 174529015601200; 174529015909400; b'neutral'
2024-11-13 14:34:21,392 - 14:34:20.925; 0; 6; 174527660697500; 174529313287700; 174529351012500; 282911936; 174529774159700; 174529774393600; b'happy'
2024-11-13 14:34:22,027 - 14:34:21.586; 0; 7; 174527660697500; 174529973694800; 174530030176200; 256255047; 174530411162100; 174530411410200; b'None'
2024-11-13 14:34:22,811 - 14:34:22.345; 0; 8; 174527660697500; 174530730357100; 174530831481800; 306058858; 174531190171400; 174531190439100; b'neutral'
2024-11-13 14:34:23,478 - 14:34:22.957; 0; 9; 174527660697500; 174531343202300; 174531411404600; 328926397; 174531837443900; 174531838010900; b'happy'
2024-11-13 14:34:24,139 - 14:34:23.634; 0; 10; 174527660697500; 174532019655700; 174532054706000; 300662951; 174532483421600; 174532485266000; b'happy'
2024-11-13 14:34:25,193 - 14:34:24.368; 0; 11; 174527660697500; 174532753905600; 174532905646300; 353220627; 174533510823100; 174533512594500; b'happy'
2024-11-13 14:34:26,148 - 14:34:25.648; 0; 12; 174527660697500; 174534033767500; 174534068356100; 301709088; 174534532933900; 174534533271200; b'happy'
2024-11-13 14:34:26,791 - 14:34:26.369; 0; 13; 174527660697500; 174534758114400; 174534783096600; 269500669; 174535152837200; 174535153847600; b'neutral'
2024-11-13 14:34:31,107 - 14:34:29.090; 0; 14; 174539492257200; 174539492257200; 174539492257200; 174539492257200; 174539492257200; 174539492257200; Connection lost timed out
2024-11-13 14:34:33,758 - 14:34:33.753; 0; 14; 174542140434100; 174542140434100; 174542140434100; 174542140434100; 174542140434100; 174542140434100; No connection possible: [WinError 10065] Der Host war bei einem Socketvorgang nicht erreichbar
2024-11-13 14:34:36,245 - 14:34:36.238; 0; 14; 174544627065600; 174544627065600; 174544627065600; 174544627065600; 174544627065600; 174544627065600; Connection lost [WinError 10057] Eine Anforderung zum Senden oder Empfangen von Daten wurde verhindert, da der Socket nicht verbunden ist und (beim Senden über einen Datagrammsocket mit einem sendto-Aufruf) keine Adresse angegeben wurde
2024-11-13 14:34:39,034 - 14:34:38.631; 0; 14; 174546882475700; 174547017431300; 174547066561000; 302435867; 174547417039600; 174547417361800; b'happy'
2024-11-13 14:34:43,338 - 14:34:43.325; 1; 0; 174551724489900; 174551724489900; 174551724489900; 174551724489900; 174551724489900; 174551724489900; Connection lost [WinError 10053] Eine bestehende Verbindung wurde softwaregesteuert
durch den Hostcomputer abgebrochen
2024-11-13 14:34:54,930 - 14:34:54.234; 1; 0; 174562553313200; 174562620547700; 174562935709600; 351940884; 174563310392200; 174563310846300; b'happy'
2024-11-13 14:34:56,390 - 14:34:56.366; 1; 1; 174564770361800; 174564770361800; 174564770361800; 174564770361800; 174564770361800; 174564770361800; Connection lost [WinError 10053] Eine bestehende Verbindung wurde softwaregesteuert
durch den Hostcomputer abgebrochen
2024-11-13 14:34:59,155 - 14:34:58.599; 1; 1; 174566973273000; 174566984663700; 174567070428700; 405568755; 174567534997500; 174567535441800; b'happy'
2024-11-13 14:35:00,056 - 14:34:59.473; 1; 2; 174566973273000; 174567859806100; 174567885122300; 443083776; 174568434197600; 174568434490900; b'happy'
2024-11-13 14:35:00,759 - 14:35:00.291; 1; 3; 174566973273000; 174568677126300; 174568705993000; 332209073; 174569127423700; 174569127708300; b'happy'
2024-11-13 14:35:01,466 - 14:35:00.955; 1; 4; 174566973273000; 174569340855400; 174569383753800; 338828860; 174569845111400; 174569845436300; b'happy'
2024-11-13 14:35:02,190 - 14:35:01.686; 1; 5; 174566973273000; 174570072416200; 174570106356000; 300813939; 174570570309600; 174570570751200; b'neutral'
2024-11-13 14:35:03,003 - 14:35:02.451; 1; 6; 174566973273000; 174570838173600; 174570877469000; 285318538; 174571387134100; 174571387530800; b'happy'
2024-11-13 14:35:03,616 - 14:35:03.218; 1; 7; 174566973273000; 174571604698800; 174571634198100; 248349025; 174571999269400; 174571999613300; b'None'
2024-11-13 14:35:04,316 - 14:35:03.816; 1; 8; 174566973273000; 174572201584900; 174572233539200; 302678119; 174572611876200; 174572612279900; b'neutral'
2024-11-13 14:35:04,951 - 14:35:04.502; 1; 9; 174566973273000; 174572887781900; 174572915625900; 315522615; 174573325799500; 174573326091000; b'happy'
2024-11-13 14:35:05,711 - 14:35:05.153; 1; 10; 174566973273000; 174573539481400; 174573566842200; 320389442; 174574082203600; 174574082626100; b'happy'
2024-11-13 14:35:06,686 - 14:35:05.993; 1; 11; 174566973273000; 174574385156500; 174574434433200; 364823468; 174574865209500; 174574865646200; b'happy'
2024-11-13 14:35:07,301 - 14:35:06.803; 1; 12; 174566973273000; 174575191665000; 174575224144100; 321737195; 174575685519400; 174575685758400; b'happy'
2024-11-13 14:35:09,509 - 14:35:07.468; 1; 13; 174577893730000; 174577893730000; 174577893730000; 174577893730000; 174577893730000; 174577893730000; Connection lost timed out
2024-11-13 14:35:11,749 - 14:35:11.749; 1; 13; 174580135243900; 174580135243900; 174580135243900; 174580135243900; 174580135243900; 174580135243900; No connection possible: [WinError 10065] Der Host war bei einem Socketvorgang nicht erreichbar
2024-11-13 14:35:14,123 - 14:35:14.093; 1; 13; 174582487432400; 174582487432400; 174582487432400; 174582487432400; 174582487432400; 174582487432400; Connection lost [WinError 10057] Eine Anforderung zum Senden oder Empfangen von Daten wurde verhindert, da der Socket nicht verbunden ist und (beim Senden über einen Datagrammsocket mit einem sendto-Aufruf) keine Adresse angegeben wurde
2024-11-13 14:35:16,335 - 14:35:16.327; 1; 13; 174584715314400; 174584715314400; 174584715314400; 174584715314400; 174584715314400; 174584715314400; No connection possible: [WinError 10065] Der Host war bei einem Socketvorgang nicht erreichbar
2024-11-13 14:35:18,534 - 14:35:18.526; 1; 13; 174586914714400; 174586914714400; 174586914714400; 174586914714400; 174586914714400; 174586914714400; Connection lost [WinError 10057] Eine Anforderung zum Senden oder Empfangen von Daten wurde verhindert, da der Socket nicht verbunden ist und (beim Senden über einen Datagrammsocket mit einem sendto-Aufruf) keine Adresse angegeben wurde
2024-11-13 14:35:20,745 - 14:35:20.740; 1; 13; 174589126473400; 174589126473400; 174589126473400; 174589126473400; 174589126473400; 174589126473400; No connection possible: [WinError 10065] Der Host war bei einem Socketvorgang nicht erreichbar
2024-11-13 14:35:22,974 - 14:35:22.974; 1; 13; 174591359510300; 174591359510300; 174591359510300; 174591359510300; 174591359510300; 174591359510300; Connection lost [WinError 10057] Eine Anforderung zum Senden oder Empfangen von Daten wurde verhindert, da der Socket nicht verbunden ist und (beim Senden über einen Datagrammsocket mit einem sendto-Aufruf) keine Adresse angegeben wurde
2024-11-13 14:35:31,200 - 14:35:30.808; 1; 13; 174599184946800; 174599192301700; 174599235471100; 294284291; 174599582499700; 174599583070000; b'neutral'
2024-11-13 14:35:31,877 - 14:35:31.502; 1; 14; 174599184946800; 174599892123800; 174599916096600; 295263406; 174600258796100; 174600259089400; b'happy'
2024-11-13 14:37:17,182 - 14:37:16.723; 0; 0; 174705104832800; 174705114159700; 174705150072100; 363610402; 174705561791500; 174705562279500; b'happy'
2024-11-13 14:37:18,048 - 14:37:17.369; 0; 1; 174705104832800; 174705758058800; 174705788658700; 414666000; 174706436483900; 174706436848500; b'happy'
2024-11-13 14:37:18,816 - 14:37:18.221; 0; 2; 174705104832800; 174706610118000; 174706638603700; 449156664; 174707185873900; 174707186811400; b'happy'
2024-11-13 14:37:19,564 - 14:37:18.992; 0; 3; 174705104832800; 174707383905100; 174707418083200; 324782600; 174707942740100; 174707943209500; b'happy'
2024-11-13 14:37:20,270 - 14:37:19.728; 0; 4; 174705104832800; 174708120394700; 174708153965600; 350666234; 174708641632900; 174708641791800; b'happy'
2024-11-13 14:37:20,833 - 14:37:20.348; 0; 5; 174705104832800; 174708737705400; 174708766624300; 289091394; 174709212980600; 174709216848900; b'neutral'
2024-11-13 14:37:25,452 - 14:37:23.404; 0; 6; 174713800513400; 174713800513400; 174713800513400; 174713800513400; 174713800513400; 174713800513400; Connection lost timed out
2024-11-13 14:37:28,030 - 14:37:28.030; 0; 6; 174716421181100; 174716421181100; 174716421181100; 174716421181100; 174716421181100; 174716421181100; No connection possible: [WinError 10065] Der Host war bei einem Socketvorgang nicht erreichbar
2024-11-13 14:37:30,391 - 14:37:30.389; 0; 6; 174718780130600; 174718780130600; 174718780130600; 174718780130600; 174718780130600; 174718780130600; Connection lost [WinError 10057] Eine Anforderung zum Senden oder Empfangen von Daten wurde verhindert, da der Socket nicht verbunden ist und (beim Senden über einen Datagrammsocket mit einem sendto-Aufruf) keine Adresse angegeben wurde
2024-11-13 14:37:32,570 - 14:37:32.566; 0; 6; 174720956498400; 174720956498400; 174720956498400; 174720956498400; 174720956498400; 174720956498400; No connection possible: [WinError 10065] Der Host war bei einem Socketvorgang nicht erreichbar
2024-11-13 14:37:34,804 - 14:37:34.799; 0; 6; 174723191970700; 174723191970700; 174723191970700; 174723191970700; 174723191970700; 174723191970700; Connection lost [WinError 10057] Eine Anforderung zum Senden oder Empfangen von Daten wurde verhindert, da der Socket nicht verbunden ist und (beim Senden über einen Datagrammsocket mit einem sendto-Aufruf) keine Adresse angegeben wurde
2024-11-13 14:37:38,470 - 14:37:38.465; 0; 6; 174726857459300; 174726857459300; 174726857459300; 174726857459300; 174726857459300; 174726857459300; No connection possible: [WinError 10065] Der Host war bei einem Socketvorgang nicht erreichbar
2024-11-13 14:37:40,899 - 14:37:40.891; 0; 6; 174729285516900; 174729285516900; 174729285516900; 174729285516900; 174729285516900; 174729285516900; Connection lost [WinError 10057] Eine Anforderung zum Senden oder Empfangen von Daten wurde verhindert, da der Socket nicht verbunden ist und (beim Senden über einen Datagrammsocket mit einem sendto-Aufruf) keine Adresse angegeben wurde
2024-11-13 14:37:46,882 - 14:37:46.472; 0; 6; 174734854583700; 174734862943700; 174734900229000; 279868287; 174735248999400; 174735250422700; b'happy'
2024-11-13 14:37:47,678 - 14:37:47.331; 0; 7; 174734854583700; 174735722310200; 174735753105200; 257615651; 174736064204600; 174736064526400; b'None'
2024-11-13 14:37:48,379 - 14:37:47.961; 0; 8; 174734854583700; 174736352532000; 174736388360700; 312398828; 174736769047600; 174736769320500; b'neutral'
2024-11-13 14:37:49,479 - 14:37:49.462; 0; 9; 174737871529700; 174737871529700; 174737871529700; 174737871529700; 174737871529700; 174737871529700; Connection lost [WinError 10053] Eine bestehende Verbindung wurde softwaregesteuert
durch den Hostcomputer abgebrochen
2024-11-13 14:37:53,310 - 14:37:52.636; 0; 9; 174740986868400; 174741030228000; 174741194018900; 311444653; 174741666929800; 174741667232800; b'happy'
2024-11-13 14:37:54,518 - 14:37:53.830; 0; 10; 174740986868400; 174742226273700; 174742346440600; 299410061; 174742908017600; 174742908435600; b'happy'
2024-11-13 14:37:55,610 - 14:37:55.504; 0; 11; 174743998951800; 174743998951800; 174743998951800; 174743998951800; 174743998951800; 174743998951800; Connection lost [WinError 10053] Eine bestehende Verbindung wurde softwaregesteuert
durch den Hostcomputer abgebrochen
2024-11-13 14:37:58,613 - 14:37:58.121; 0; 11; 174746509260700; 174746517304300; 174746583628200; 356297521; 174746998426100; 174746998945000; b'happy'
2024-11-13 14:37:59,276 - 14:37:58.818; 0; 12; 174746509260700; 174747210189100; 174747242979300; 307173224; 174747664690800; 174747665179100; b'happy'
2024-11-13 14:37:59,947 - 14:37:59.427; 0; 13; 174746509260700; 174747821770500; 174747857336600; 265612947; 174748331050900; 174748332128000; b'neutral'
2024-11-13 14:38:00,657 - 14:38:00.216; 0; 14; 174746509260700; 174748608136100; 174748631871900; 291199337; 174749047405500; 174749047760600; b'happy'
2024-11-13 14:38:01,385 - 14:38:00.843; 1; 0; 174746509260700; 174749235950300; 174749260994900; 354193338; 174749758627000; 174749759151600; b'happy'
2024-11-13 14:38:02,197 - 14:38:01.668; 1; 1; 174746509260700; 174750060004200; 174750093226000; 405621713; 174750580552900; 174750580936400; b'happy'
2024-11-13 14:38:03,046 - 14:38:02.406; 1; 2; 174746509260700; 174750800639700; 174750833467700; 439897462; 174751413420000; 174751415690400; b'happy'
2024-11-13 14:38:03,946 - 14:38:03.368; 1; 3; 174746509260700; 174751763416900; 174751845543700; 326098207; 174752305419000; 174752305740300; b'happy'
2024-11-13 14:38:04,614 - 14:38:04.136; 1; 4; 174746509260700; 174752527681000; 174752552132000; 356085818; 174752972281100; 174752973005200; b'happy'
2024-11-13 14:38:05,483 - 14:38:04.935; 1; 5; 174746509260700; 174753326239300; 174753383843900; 287262315; 174753869531200; 174753869945300; b'neutral'
2024-11-13 14:38:06,066 - 14:38:05.682; 1; 6; 174746509260700; 174754073937800; 174754104461100; 277170883; 174754441652400; 174754442151600; b'happy'
2024-11-13 14:38:09,633 - 14:38:07.620; 1; 7; 174758025007600; 174758025007600; 174758025007600; 174758025007600; 174758025007600; 174758025007600; Connection lost timed out
2024-11-13 14:38:12,870 - 14:38:12.870; 1; 7; 174761262854900; 174761262854900; 174761262854900; 174761262854900; 174761262854900; 174761262854900; No connection possible: [WinError 10065] Der Host war bei einem Socketvorgang nicht erreichbar
2024-11-13 14:38:15,073 - 14:38:15.067; 1; 7; 174763462106700; 174763462106700; 174763462106700; 174763462106700; 174763462106700; 174763462106700; Connection lost [WinError 10057] Eine Anforderung zum Senden oder Empfangen von Daten wurde verhindert, da der Socket nicht verbunden ist und (beim Senden über einen Datagrammsocket mit einem sendto-Aufruf) keine Adresse angegeben wurde
2024-11-13 14:38:17,271 - 14:38:17.266; 1; 7; 174765662349900; 174765662349900; 174765662349900; 174765662349900; 174765662349900; 174765662349900; No connection possible: [WinError 10065] Der Host war bei einem Socketvorgang nicht erreichbar
2024-11-13 14:38:19,425 - 14:38:19.425; 1; 7; 174767818826800; 174767818826800; 174767818826800; 174767818826800; 174767818826800; 174767818826800; Connection lost [WinError 10057] Eine Anforderung zum Senden oder Empfangen von Daten wurde verhindert, da der Socket nicht verbunden ist und (beim Senden über einen Datagrammsocket mit einem sendto-Aufruf) keine Adresse angegeben wurde
2024-11-13 14:38:23,391 - 14:38:22.930; 1; 7; 174771299150800; 174771322772100; 174771450753900; 255788079; 174771779056100; 174771779320500; b'None'
2024-11-13 14:38:24,447 - 14:38:24.428; 1; 8; 174772836640500; 174772836640500; 174772836640500; 174772836640500; 174772836640500; 174772836640500; Connection lost [WinError 10053] Eine bestehende Verbindung wurde softwaregesteuert
durch den Hostcomputer abgebrochen
2024-11-13 14:38:27,985 - 14:38:27.518; 1; 8; 174775897103100; 174775913673700; 174776019351000; 298538905; 174776365430900; 174776365718700; b'neutral'
2024-11-13 14:38:29,131 - 14:38:28.514; 1; 9; 174775897103100; 174776908490900; 174776970060500; 305684838; 174777518902900; 174777519465900; b'happy'
2024-11-13 14:38:30,152 - 14:38:29.542; 1; 10; 174775897103100; 174777935772900; 174778200124800; 285098968; 174778540217200; 174778540546400; b'happy'
2024-11-13 14:38:31,957 - 14:38:30.823; 1; 11; 174775897103100; 174779222239700; 174779898539500; 373760128; 174780340151400; 174780340481600; b'happy'
2024-11-13 14:38:33,234 - 14:38:32.371; 1; 12; 174775897103100; 174780766020900; 174781137436200; 307710901; 174781597159900; 174781597477900; b'happy'
2024-11-13 14:38:34,280 - 14:38:33.779; 1; 13; 174775897103100; 174782173246600; 174782274949100; 265127198; 174782649747800; 174782650176100; b'neutral'
2024-11-13 14:38:35,311 - 14:38:34.693; 1; 14; 174775897103100; 174783087894800; 174783309248300; 285847813; 174783699564900; 174783700118300; b'happy'
2024-11-15 07:44:24,494 - 07:44:23.703; 0; 0; 322737341712500; 322737364047500; 322737477106500; 478347164; 322738028395400; 322738028778300; 86%; None; b'happy'
2024-11-15 07:44:25,276 - 07:44:24.497; 0; 1; 322737341712500; 322738159894700; 322738231483000; 438045570; 322738826570400; 322738826829900; 86%; None; b'happy'
2024-11-15 07:44:26,095 - 07:44:25.286; 0; 2; 322737341712500; 322738946685500; 322739028350500; 508717952; 322739608298100; 322739609982000; 86%; None; b'happy'
2024-11-15 07:44:26,786 - 07:44:26.095; 0; 3; 322737341712500; 322739760361100; 322739841595900; 346053715; 322740310634000; 322740311261200; 86%; None; b'happy'
2024-11-15 07:44:27,488 - 07:44:26.786; 0; 4; 322737341712500; 322740450253300; 322740539820100; 361862849; 322740992122100; 322740992250400; 86%; None; b'happy'
2024-11-15 07:44:28,152 - 07:44:27.489; 0; 5; 322737341712500; 322741150514400; 322741261032600; 297692091; 322741704306800; 322741704703800; 86%; None; b'neutral'
2024-11-15 07:44:28,764 - 07:44:28.159; 0; 6; 322737341712500; 322741819743300; 322741917583800; 293165968; 322742309983100; 322742310281800; 86%; None; b'happy'
2024-11-15 07:44:29,366 - 07:44:28.766; 0; 7; 322737341712500; 322742428237600; 322742513180000; 272103810; 322742910467600; 322742910679900; 86%; None; b'None'
2024-11-15 07:44:29,986 - 07:44:29.369; 0; 8; 322737341712500; 322743029053100; 322743113282700; 324687723; 322743525911700; 322743526274400; 86%; None; b'neutral'
2024-11-15 07:44:30,635 - 07:44:29.988; 0; 9; 322737341712500; 322743649059500; 322743729491800; 326138296; 322744131171800; 322744132200000; 86%; None; b'happy'
2024-11-15 07:44:31,334 - 07:44:30.637; 0; 10; 322737341712500; 322744297875400; 322744399273700; 299808154; 322744868335000; 322744868817500; 86%; None; b'happy'
2024-11-15 07:44:32,105 - 07:44:31.337; 0; 11; 322737341712500; 322744997962400; 322745087881500; 377003581; 322745580496000; 322745580984500; None; 78%; b'happy'
2024-11-15 07:44:32,792 - 07:44:32.108; 0; 12; 322737341712500; 322745769075600; 322745876454300; 323781028; 322746296969300; 322746297450300; None; 78%; b'happy'
2024-11-15 07:44:33,596 - 07:44:32.798; 0; 13; 322737341712500; 322746458852800; 322746570259800; 274904804; 322747012927000; 322747013405300; None; 78%; b'neutral'
2024-11-15 07:44:34,343 - 07:44:33.599; 0; 14; 322737341712500; 322747259097100; 322747362717500; 305321544; 322747844550200; 322747844930500; None; 78%; b'happy'
2024-11-15 07:44:35,049 - 07:44:34.356; 1; 0; 322737341712500; 322748016661800; 322748090412200; 352343528; 322748541512800; 322748541953000; None; 78%; b'happy'
2024-11-15 07:44:35,887 - 07:44:35.054; 1; 1; 322737341712500; 322748713963500; 322748798630800; 417705313; 322749376377100; 322749376689000; None; 78%; b'happy'
2024-11-15 07:44:36,819 - 07:44:35.889; 1; 2; 322737341712500; 322749549994900; 322749620440800; 448568618; 322750195131600; 322750195426200; None; 78%; b'happy'
2024-11-15 07:44:37,532 - 07:44:36.832; 1; 3; 322737341712500; 322750492680800; 322750568028300; 344832836; 322751007801000; 322751008222600; None; 78%; b'happy'
2024-11-15 07:44:38,265 - 07:44:37.534; 1; 4; 322737341712500; 322751196383300; 322751271142500; 343456134; 322751723634500; 322751724009100; None; 78%; b'happy'
2024-11-15 07:44:38,987 - 07:44:38.268; 1; 5; 322737341712500; 322751929490400; 322752012107800; 294401169; 322752441251900; 322752441645200; None; 78%; b'neutral'
2024-11-15 07:44:39,682 - 07:44:38.994; 1; 6; 322737341712500; 322752663154500; 322752767305200; 284655963; 322753120276700; 322753120949500; None; 78%; b'happy'
2024-11-15 07:44:40,217 - 07:44:39.685; 1; 7; 322737341712500; 322753345063800; 322753416945500; 257434416; 322753770083400; 322753770595800; None; 78%; b'None'
2024-11-15 07:44:40,786 - 07:44:40.225; 1; 8; 322737341712500; 322753886591000; 322753969877400; 316201177; 322754357246400; 322754357458500; None; 78%; b'neutral'
2024-11-15 07:44:41,483 - 07:44:40.800; 1; 9; 322737341712500; 322754461299300; 322754527339300; 322251833; 322755034354300; 322755034672300; None; 78%; b'happy'
2024-11-15 07:44:42,247 - 07:44:41.485; 1; 10; 322737341712500; 322755145261800; 322755404570400; 310672148; 322755793465800; 322755794066100; None; 78%; b'happy'
2024-11-15 07:44:42,859 - 07:44:42.249; 1; 11; 322737341712500; 322755909752500; 322755993040700; 371575577; 322756428954800; 322756429334800; None; 78%; b'happy'
2024-11-15 07:44:43,476 - 07:44:42.867; 1; 12; 322737341712500; 322756527935700; 322756591090900; 305350165; 322757046526300; 322757047019500; None; 78%; b'happy'
2024-11-15 07:44:44,128 - 07:44:43.480; 1; 13; 322737341712500; 322757140415400; 322757216795200; 281283059; 322757666818600; 322757667353100; None; 78%; b'neutral'
2024-11-15 07:44:44,735 - 07:44:44.130; 1; 14; 322737341712500; 322757790037800; 322757856000800; 294027831; 322758272996900; 322758273551000; None; 78%; b'happy'
